2025-11-12 00:01:24.762 [background-preinit] INFO   o.h.validator.internal.util.Version [operation=, endpoint=, matchId=, teamName=, score=] - HV000001: Hibernate Validator 8.0.3.Final
2025-11-12 00:01:24.803 [main] INFO   com.football.ua.FootballApp [operation=, endpoint=, matchId=, teamName=, score=] - Starting FootballApp using Java 24.0.2 with PID 26436 (D:\Могилянка\Spring Boot\Lab10\SB9\SB8\SB2\target\classes started by Andre in D:\Могилянка\Spring Boot\Lab10\SB9\SB8\SB2)
2025-11-12 00:01:24.804 [main] INFO   com.football.ua.FootballApp [operation=, endpoint=, matchId=, teamName=, score=] - No active profile set, falling back to 1 default profile: "default"
2025-11-12 00:01:25.504 [main] INFO   o.s.d.r.c.RepositoryConfigurationDelegate [operation=, endpoint=, matchId=, teamName=, score=] - Bootstrapping Spring Data JPA repositories in DEFAULT mode.
2025-11-12 00:01:25.649 [main] INFO   o.s.d.r.c.RepositoryConfigurationDelegate [operation=, endpoint=, matchId=, teamName=, score=] - Finished Spring Data repository scanning in 137 ms. Found 7 JPA repository interfaces.
2025-11-12 00:01:26.692 [main] INFO   o.s.b.w.e.tomcat.TomcatWebServer [operation=, endpoint=, matchId=, teamName=, score=] - Tomcat initialized with port 8080 (http)
2025-11-12 00:01:26.719 [main] INFO   o.a.coyote.http11.Http11NioProtocol [operation=, endpoint=, matchId=, teamName=, score=] - Initializing ProtocolHandler ["http-nio-8080"]
2025-11-12 00:01:26.719 [main] INFO   o.a.catalina.core.StandardService [operation=, endpoint=, matchId=, teamName=, score=] - Starting service [Tomcat]
2025-11-12 00:01:26.719 [main] INFO   o.a.catalina.core.StandardEngine [operation=, endpoint=, matchId=, teamName=, score=] - Starting Servlet engine: [Apache Tomcat/10.1.46]
2025-11-12 00:01:26.976 [main] INFO   o.a.c.c.C.[Tomcat].[localhost].[/] [operation=, endpoint=, matchId=, teamName=, score=] - Initializing Spring embedded WebApplicationContext
2025-11-12 00:01:26.976 [main] INFO   o.s.b.w.s.c.ServletWebServerApplicationContext [operation=, endpoint=, matchId=, teamName=, score=] - Root WebApplicationContext: initialization completed in 2137 ms
2025-11-12 00:01:27.286 [main] INFO   o.h.jpa.internal.util.LogHelper [operation=, endpoint=, matchId=, teamName=, score=] - HHH000204: Processing PersistenceUnitInfo [name: default]
2025-11-12 00:01:27.400 [main] INFO   org.hibernate.Version [operation=, endpoint=, matchId=, teamName=, score=] - HHH000412: Hibernate ORM core version 6.6.29.Final
2025-11-12 00:01:27.463 [main] INFO   o.h.c.i.RegionFactoryInitiator [operation=, endpoint=, matchId=, teamName=, score=] - HHH000026: Second-level cache disabled
2025-11-12 00:01:28.059 [main] INFO   o.s.o.j.p.SpringPersistenceUnitInfo [operation=, endpoint=, matchId=, teamName=, score=] - No LoadTimeWeaver setup: ignoring JPA class transformer
2025-11-12 00:01:28.129 [main] INFO   com.zaxxer.hikari.HikariDataSource [operation=, endpoint=, matchId=, teamName=, score=] - HikariPool-1 - Starting...
2025-11-12 00:01:28.670 [main] INFO   com.zaxxer.hikari.pool.HikariPool [operation=, endpoint=, matchId=, teamName=, score=] - HikariPool-1 - Added connection conn0: url=jdbc:h2:file:./footballdb/football user=SA
2025-11-12 00:01:28.670 [main] INFO   com.zaxxer.hikari.HikariDataSource [operation=, endpoint=, matchId=, teamName=, score=] - HikariPool-1 - Start completed.
2025-11-12 00:01:28.774 [main] INFO   o.hibernate.orm.connections.pooling [operation=, endpoint=, matchId=, teamName=, score=] - HHH10001005: Database info:
	Database JDBC URL [Connecting through datasource 'HikariDataSource (HikariPool-1)']
	Database driver: undefined/unknown
	Database version: 2.3.232
	Autocommit mode: undefined/unknown
	Isolation level: undefined/unknown
	Minimum pool size: undefined/unknown
	Maximum pool size: undefined/unknown
2025-11-12 00:01:30.655 [main] INFO   o.h.e.t.j.p.i.JtaPlatformInitiator [operation=, endpoint=, matchId=, teamName=, score=] - HHH000489: No JTA platform available (set 'hibernate.transaction.jta.platform' to enable JTA platform integration)
2025-11-12 00:01:30.744 [main] INFO   o.s.o.j.LocalContainerEntityManagerFactoryBean [operation=, endpoint=, matchId=, teamName=, score=] - Initialized JPA EntityManagerFactory for persistence unit 'default'
2025-11-12 00:01:31.174 [main] INFO   o.s.s.c.a.a.c.InitializeAuthenticationProviderBeanManagerConfigurer$InitializeAuthenticationProviderManagerConfigurer [operation=, endpoint=, matchId=, teamName=, score=] - Global AuthenticationManager configured with AuthenticationProvider bean with name authenticationProvider
2025-11-12 00:01:31.174 [main] WARN   o.s.s.c.a.a.c.InitializeUserDetailsBeanManagerConfigurer$InitializeUserDetailsManagerConfigurer [operation=, endpoint=, matchId=, teamName=, score=] - Global AuthenticationManager configured with an AuthenticationProvider bean. UserDetailsService beans will not be used by Spring Security for automatically configuring username/password login. Consider removing the AuthenticationProvider bean. Alternatively, consider using the UserDetailsService in a manually instantiated DaoAuthenticationProvider. If the current configuration is intentional, to turn off this warning, increase the logging level of 'org.springframework.security.config.annotation.authentication.configuration.InitializeUserDetailsBeanManagerConfigurer' to ERROR
2025-11-12 00:01:32.290 [main] INFO   c.f.ua.service.FileCacheService [operation=, endpoint=, matchId=, teamName=, score=] - 📁 Ініціалізовано структуру кешу
2025-11-12 00:01:32.638 [main] WARN   o.s.b.a.o.j.JpaBaseConfiguration$JpaWebConfiguration [operation=, endpoint=, matchId=, teamName=, score=] - spring.jpa.open-in-view is enabled by default. Therefore, database queries may be performed during view rendering. Explicitly configure spring.jpa.open-in-view to disable this warning
2025-11-12 00:01:32.666 [main] INFO   o.s.b.a.w.s.WelcomePageHandlerMapping [operation=, endpoint=, matchId=, teamName=, score=] - Adding welcome page: class path resource [static/index.html]
2025-11-12 00:01:33.125 [main] INFO   o.s.b.a.h.H2ConsoleAutoConfiguration [operation=, endpoint=, matchId=, teamName=, score=] - H2 console available at '/h2-console'. Database available at 'jdbc:h2:file:./footballdb/football'
2025-11-12 00:01:33.236 [main] INFO   o.a.coyote.http11.Http11NioProtocol [operation=, endpoint=, matchId=, teamName=, score=] - Starting ProtocolHandler ["http-nio-8080"]
2025-11-12 00:01:33.256 [main] INFO   o.s.b.w.e.tomcat.TomcatWebServer [operation=, endpoint=, matchId=, teamName=, score=] - Tomcat started on port 8080 (http) with context path '/'
2025-11-12 00:01:33.268 [main] INFO   com.football.ua.FootballApp [operation=, endpoint=, matchId=, teamName=, score=] - Started FootballApp in 8.871 seconds (process running for 9.325)
2025-11-12 00:01:33.372 [http-nio-8080-exec-1] INFO   o.a.c.c.C.[Tomcat].[localhost].[/] [operation=, endpoint=, matchId=, teamName=, score=] - Initializing Spring DispatcherServlet 'dispatcherServlet'
2025-11-12 00:01:33.372 [http-nio-8080-exec-1] INFO   o.s.web.servlet.DispatcherServlet [operation=, endpoint=, matchId=, teamName=, score=] - Initializing Servlet 'dispatcherServlet'
2025-11-12 00:01:33.372 [http-nio-8080-exec-1] INFO   o.s.web.servlet.DispatcherServlet [operation=, endpoint=, matchId=, teamName=, score=] - Completed initialization in 0 ms
2025-11-12 00:01:33.683 [http-nio-8080-exec-8] INFO   c.f.ua.controller.TeamController [operation=, endpoint=, matchId=, teamName=, score=] - Отримано запит на актуальні команди
2025-11-12 00:01:33.683 [http-nio-8080-exec-7] INFO  DB_OPERATION c.f.ua.controller.MatchController [operation=list, endpoint=/api/matches, matchId=, teamName=, score=] - Запит на отримання списку матчів
2025-11-12 00:01:33.697 [http-nio-8080-exec-7] INFO  DB_OPERATION c.f.ua.controller.MatchController [operation=list, endpoint=/api/matches, matchId=, teamName=, score=] - Повернуто 0 матчів
2025-11-12 00:01:33.716 [http-nio-8080-exec-8] INFO   c.f.ua.service.FileCacheService [operation=, endpoint=, matchId=, teamName=, score=] - 🔍 Перевірка кешу teams/all_teams: вік 37 хв <= ліміт 60 хв = true ✅
2025-11-12 00:01:33.717 [http-nio-8080-exec-8] INFO   c.f.u.service.ExternalTeamApiService [operation=, endpoint=, matchId=, teamName=, score=] - 🔍 Результат перевірки кешу команд: true
2025-11-12 00:01:33.746 [http-nio-8080-exec-8] INFO   c.f.ua.service.FileCacheService [operation=, endpoint=, matchId=, teamName=, score=] - ✅ Завантажено з кешу: teams/all_teams (вік: 37 хв, тип: Map)
2025-11-12 00:01:33.747 [http-nio-8080-exec-8] INFO   c.f.u.service.ExternalTeamApiService [operation=, endpoint=, matchId=, teamName=, score=] - 📦 Повертаємо закешовані команди з файлу
2025-11-12 00:01:33.749 [http-nio-8080-exec-8] INFO   c.f.ua.controller.TeamController [operation=, endpoint=, matchId=, teamName=, score=] - Повернуто 7 ліг з 148 командами
2025-11-12 00:01:33.943 [http-nio-8080-exec-1] INFO   c.f.ua.controller.TeamController [operation=, endpoint=, matchId=, teamName=, score=] - Отримано запит на список всіх команд
2025-11-12 00:04:44.615 [SpringApplicationShutdownHook] INFO   o.s.b.w.e.tomcat.GracefulShutdown [operation=, endpoint=, matchId=, teamName=, score=] - Commencing graceful shutdown. Waiting for active requests to complete
2025-11-12 00:04:44.621 [tomcat-shutdown] INFO   o.s.b.w.e.tomcat.GracefulShutdown [operation=, endpoint=, matchId=, teamName=, score=] - Graceful shutdown complete
2025-11-12 00:04:46.654 [SpringApplicationShutdownHook] INFO   o.s.o.j.LocalContainerEntityManagerFactoryBean [operation=, endpoint=, matchId=, teamName=, score=] - Closing JPA EntityManagerFactory for persistence unit 'default'
2025-11-12 00:04:46.657 [SpringApplicationShutdownHook] INFO   com.zaxxer.hikari.HikariDataSource [operation=, endpoint=, matchId=, teamName=, score=] - HikariPool-1 - Shutdown initiated...
2025-11-12 00:04:46.658 [SpringApplicationShutdownHook] INFO   com.zaxxer.hikari.HikariDataSource [operation=, endpoint=, matchId=, teamName=, score=] - HikariPool-1 - Shutdown completed.
2025-11-12 00:17:02.465 [background-preinit] INFO   o.h.validator.internal.util.Version [operation=, endpoint=, matchId=, teamName=, score=] - HV000001: Hibernate Validator 8.0.3.Final
2025-11-12 00:17:02.500 [main] INFO   com.football.ua.FootballApp [operation=, endpoint=, matchId=, teamName=, score=] - Starting FootballApp using Java 24.0.2 with PID 26744 (D:\Могилянка\Spring Boot\Lab10\SB9\SB8\SB2\target\classes started by Andre in D:\Могилянка\Spring Boot\Lab10\SB9\SB8\SB2)
2025-11-12 00:17:02.502 [main] INFO   com.football.ua.FootballApp [operation=, endpoint=, matchId=, teamName=, score=] - No active profile set, falling back to 1 default profile: "default"
2025-11-12 00:17:03.864 [main] INFO   o.s.d.r.c.RepositoryConfigurationDelegate [operation=, endpoint=, matchId=, teamName=, score=] - Bootstrapping Spring Data JPA repositories in DEFAULT mode.
2025-11-12 00:17:04.309 [main] INFO   o.s.d.r.c.RepositoryConfigurationDelegate [operation=, endpoint=, matchId=, teamName=, score=] - Finished Spring Data repository scanning in 409 ms. Found 7 JPA repository interfaces.
2025-11-12 00:17:05.632 [main] INFO   o.s.b.w.e.tomcat.TomcatWebServer [operation=, endpoint=, matchId=, teamName=, score=] - Tomcat initialized with port 8080 (http)
2025-11-12 00:17:05.662 [main] INFO   o.a.coyote.http11.Http11NioProtocol [operation=, endpoint=, matchId=, teamName=, score=] - Initializing ProtocolHandler ["http-nio-8080"]
2025-11-12 00:17:05.666 [main] INFO   o.a.catalina.core.StandardService [operation=, endpoint=, matchId=, teamName=, score=] - Starting service [Tomcat]
2025-11-12 00:17:05.666 [main] INFO   o.a.catalina.core.StandardEngine [operation=, endpoint=, matchId=, teamName=, score=] - Starting Servlet engine: [Apache Tomcat/10.1.46]
2025-11-12 00:17:05.855 [main] INFO   o.a.c.c.C.[Tomcat].[localhost].[/] [operation=, endpoint=, matchId=, teamName=, score=] - Initializing Spring embedded WebApplicationContext
2025-11-12 00:17:05.855 [main] INFO   o.s.b.w.s.c.ServletWebServerApplicationContext [operation=, endpoint=, matchId=, teamName=, score=] - Root WebApplicationContext: initialization completed in 3317 ms
2025-11-12 00:17:06.159 [main] INFO   o.h.jpa.internal.util.LogHelper [operation=, endpoint=, matchId=, teamName=, score=] - HHH000204: Processing PersistenceUnitInfo [name: default]
2025-11-12 00:17:06.298 [main] INFO   org.hibernate.Version [operation=, endpoint=, matchId=, teamName=, score=] - HHH000412: Hibernate ORM core version 6.6.29.Final
2025-11-12 00:17:06.374 [main] INFO   o.h.c.i.RegionFactoryInitiator [operation=, endpoint=, matchId=, teamName=, score=] - HHH000026: Second-level cache disabled
2025-11-12 00:17:07.013 [main] INFO   o.s.o.j.p.SpringPersistenceUnitInfo [operation=, endpoint=, matchId=, teamName=, score=] - No LoadTimeWeaver setup: ignoring JPA class transformer
2025-11-12 00:17:07.084 [main] INFO   com.zaxxer.hikari.HikariDataSource [operation=, endpoint=, matchId=, teamName=, score=] - HikariPool-1 - Starting...
2025-11-12 00:17:07.588 [main] INFO   com.zaxxer.hikari.pool.HikariPool [operation=, endpoint=, matchId=, teamName=, score=] - HikariPool-1 - Added connection conn0: url=jdbc:h2:file:./footballdb/football user=SA
2025-11-12 00:17:07.590 [main] INFO   com.zaxxer.hikari.HikariDataSource [operation=, endpoint=, matchId=, teamName=, score=] - HikariPool-1 - Start completed.
2025-11-12 00:17:07.655 [main] INFO   o.hibernate.orm.connections.pooling [operation=, endpoint=, matchId=, teamName=, score=] - HHH10001005: Database info:
	Database JDBC URL [Connecting through datasource 'HikariDataSource (HikariPool-1)']
	Database driver: undefined/unknown
	Database version: 2.3.232
	Autocommit mode: undefined/unknown
	Isolation level: undefined/unknown
	Minimum pool size: undefined/unknown
	Maximum pool size: undefined/unknown
2025-11-12 00:17:08.632 [main] INFO   o.h.e.t.j.p.i.JtaPlatformInitiator [operation=, endpoint=, matchId=, teamName=, score=] - HHH000489: No JTA platform available (set 'hibernate.transaction.jta.platform' to enable JTA platform integration)
2025-11-12 00:17:08.676 [main] INFO   o.s.o.j.LocalContainerEntityManagerFactoryBean [operation=, endpoint=, matchId=, teamName=, score=] - Initialized JPA EntityManagerFactory for persistence unit 'default'
2025-11-12 00:17:08.961 [main] INFO   o.s.s.c.a.a.c.InitializeAuthenticationProviderBeanManagerConfigurer$InitializeAuthenticationProviderManagerConfigurer [operation=, endpoint=, matchId=, teamName=, score=] - Global AuthenticationManager configured with AuthenticationProvider bean with name authenticationProvider
2025-11-12 00:17:08.961 [main] WARN   o.s.s.c.a.a.c.InitializeUserDetailsBeanManagerConfigurer$InitializeUserDetailsManagerConfigurer [operation=, endpoint=, matchId=, teamName=, score=] - Global AuthenticationManager configured with an AuthenticationProvider bean. UserDetailsService beans will not be used by Spring Security for automatically configuring username/password login. Consider removing the AuthenticationProvider bean. Alternatively, consider using the UserDetailsService in a manually instantiated DaoAuthenticationProvider. If the current configuration is intentional, to turn off this warning, increase the logging level of 'org.springframework.security.config.annotation.authentication.configuration.InitializeUserDetailsBeanManagerConfigurer' to ERROR
2025-11-12 00:17:10.068 [main] INFO   c.f.ua.service.FileCacheService [operation=, endpoint=, matchId=, teamName=, score=] - 📁 Ініціалізовано структуру кешу
2025-11-12 00:17:10.241 [main] WARN   o.s.b.a.o.j.JpaBaseConfiguration$JpaWebConfiguration [operation=, endpoint=, matchId=, teamName=, score=] - spring.jpa.open-in-view is enabled by default. Therefore, database queries may be performed during view rendering. Explicitly configure spring.jpa.open-in-view to disable this warning
2025-11-12 00:17:10.269 [main] INFO   o.s.b.a.w.s.WelcomePageHandlerMapping [operation=, endpoint=, matchId=, teamName=, score=] - Adding welcome page: class path resource [static/index.html]
2025-11-12 00:17:11.256 [main] INFO   o.s.b.a.h.H2ConsoleAutoConfiguration [operation=, endpoint=, matchId=, teamName=, score=] - H2 console available at '/h2-console'. Database available at 'jdbc:h2:file:./footballdb/football'
2025-11-12 00:17:11.352 [main] INFO   o.a.coyote.http11.Http11NioProtocol [operation=, endpoint=, matchId=, teamName=, score=] - Starting ProtocolHandler ["http-nio-8080"]
2025-11-12 00:17:11.362 [main] INFO   o.s.b.w.e.tomcat.TomcatWebServer [operation=, endpoint=, matchId=, teamName=, score=] - Tomcat started on port 8080 (http) with context path '/'
2025-11-12 00:17:11.373 [main] INFO   com.football.ua.FootballApp [operation=, endpoint=, matchId=, teamName=, score=] - Started FootballApp in 9.276 seconds (process running for 9.72)
2025-11-12 00:17:12.980 [http-nio-8080-exec-1] INFO   o.a.c.c.C.[Tomcat].[localhost].[/] [operation=, endpoint=, matchId=, teamName=, score=] - Initializing Spring DispatcherServlet 'dispatcherServlet'
2025-11-12 00:17:12.980 [http-nio-8080-exec-1] INFO   o.s.web.servlet.DispatcherServlet [operation=, endpoint=, matchId=, teamName=, score=] - Initializing Servlet 'dispatcherServlet'
2025-11-12 00:17:12.982 [http-nio-8080-exec-1] INFO   o.s.web.servlet.DispatcherServlet [operation=, endpoint=, matchId=, teamName=, score=] - Completed initialization in 2 ms
2025-11-12 00:17:13.173 [http-nio-8080-exec-8] INFO   c.f.ua.controller.TeamController [operation=, endpoint=, matchId=, teamName=, score=] - Отримано запит на актуальні команди
2025-11-12 00:17:13.173 [http-nio-8080-exec-9] INFO  DB_OPERATION c.f.ua.controller.MatchController [operation=list, endpoint=/api/matches, matchId=, teamName=, score=] - Запит на отримання списку матчів
2025-11-12 00:17:13.176 [http-nio-8080-exec-8] INFO   c.f.ua.controller.TeamController [operation=, endpoint=, matchId=, teamName=, score=] - Повернуто 3 ліг з 40 командами
2025-11-12 00:17:13.180 [http-nio-8080-exec-9] INFO  DB_OPERATION c.f.ua.controller.MatchController [operation=list, endpoint=/api/matches, matchId=, teamName=, score=] - Повернуто 0 матчів
2025-11-12 00:17:13.271 [http-nio-8080-exec-4] INFO   c.f.ua.controller.TeamController [operation=, endpoint=, matchId=, teamName=, score=] - Отримано запит на актуальні команди
2025-11-12 00:17:13.271 [http-nio-8080-exec-4] INFO   c.f.ua.controller.TeamController [operation=, endpoint=, matchId=, teamName=, score=] - Повернуто 3 ліг з 40 командами
2025-11-12 00:17:13.448 [http-nio-8080-exec-2] INFO  DB_OPERATION c.f.ua.controller.MatchController [operation=list, endpoint=/api/matches, matchId=, teamName=, score=] - Запит на отримання списку матчів
2025-11-12 00:17:13.453 [http-nio-8080-exec-2] INFO  DB_OPERATION c.f.ua.controller.MatchController [operation=list, endpoint=/api/matches, matchId=, teamName=, score=] - Повернуто 0 матчів
2025-11-12 00:17:13.516 [http-nio-8080-exec-10] INFO   c.f.ua.controller.TeamController [operation=, endpoint=, matchId=, teamName=, score=] - Отримано запит на список всіх команд
2025-11-12 00:17:13.568 [http-nio-8080-exec-3] INFO  DB_OPERATION c.f.ua.controller.MatchController [operation=list, endpoint=/api/matches, matchId=, teamName=, score=] - Запит на отримання списку матчів
2025-11-12 00:17:13.573 [http-nio-8080-exec-3] INFO  DB_OPERATION c.f.ua.controller.MatchController [operation=list, endpoint=/api/matches, matchId=, teamName=, score=] - Повернуто 0 матчів
2025-11-12 00:17:13.585 [http-nio-8080-exec-8] INFO   c.f.ua.controller.TeamController [operation=, endpoint=, matchId=, teamName=, score=] - Отримано запит на актуальні команди
2025-11-12 00:17:13.586 [http-nio-8080-exec-8] INFO   c.f.ua.controller.TeamController [operation=, endpoint=, matchId=, teamName=, score=] - Повернуто 3 ліг з 40 командами
2025-11-12 00:17:14.925 [http-nio-8080-exec-5] INFO   c.f.ua.controller.TeamController [operation=, endpoint=, matchId=, teamName=, score=] - Отримано запит на актуальні команди
2025-11-12 00:17:14.930 [http-nio-8080-exec-5] INFO   c.f.ua.controller.TeamController [operation=, endpoint=, matchId=, teamName=, score=] - Повернуто 3 ліг з 40 командами
2025-11-12 00:17:14.952 [http-nio-8080-exec-7] INFO   c.f.ua.controller.TeamController [operation=, endpoint=, matchId=, teamName=, score=] - Отримано запит на список всіх команд
2025-11-12 00:17:16.901 [http-nio-8080-exec-2] INFO   c.f.ua.controller.TeamController [operation=, endpoint=, matchId=, teamName=, score=] - Отримано запит на актуальні команди
2025-11-12 00:17:16.901 [http-nio-8080-exec-2] INFO   c.f.ua.controller.TeamController [operation=, endpoint=, matchId=, teamName=, score=] - Повернуто 3 ліг з 40 командами
2025-11-12 00:17:16.912 [http-nio-8080-exec-10] INFO   c.f.ua.controller.TeamController [operation=, endpoint=, matchId=, teamName=, score=] - Отримано запит на список всіх команд
2025-11-12 00:17:17.471 [http-nio-8080-exec-9] INFO   c.f.ua.controller.TeamController [operation=, endpoint=, matchId=, teamName=, score=] - Отримано запит на актуальні команди
2025-11-12 00:17:17.478 [http-nio-8080-exec-9] INFO   c.f.ua.controller.TeamController [operation=, endpoint=, matchId=, teamName=, score=] - Повернуто 3 ліг з 40 командами
2025-11-12 00:17:17.487 [http-nio-8080-exec-1] INFO   c.f.ua.controller.TeamController [operation=, endpoint=, matchId=, teamName=, score=] - Отримано запит на список всіх команд
2025-11-12 00:17:21.818 [http-nio-8080-exec-8] INFO  DB_OPERATION c.f.ua.controller.MatchController [operation=list, endpoint=/api/matches, matchId=, teamName=, score=] - Запит на отримання списку матчів
2025-11-12 00:17:21.823 [http-nio-8080-exec-8] INFO  DB_OPERATION c.f.ua.controller.MatchController [operation=list, endpoint=/api/matches, matchId=, teamName=, score=] - Повернуто 0 матчів
2025-11-12 00:17:21.829 [http-nio-8080-exec-4] INFO   c.f.ua.controller.TeamController [operation=, endpoint=, matchId=, teamName=, score=] - Отримано запит на актуальні команди
2025-11-12 00:17:21.830 [http-nio-8080-exec-4] INFO   c.f.ua.controller.TeamController [operation=, endpoint=, matchId=, teamName=, score=] - Повернуто 3 ліг з 40 командами
2025-11-12 00:17:23.242 [http-nio-8080-exec-7] INFO   c.f.ua.controller.TeamController [operation=, endpoint=, matchId=, teamName=, score=] - Отримано запит на актуальні команди
2025-11-12 00:17:23.243 [http-nio-8080-exec-7] INFO   c.f.ua.controller.TeamController [operation=, endpoint=, matchId=, teamName=, score=] - Повернуто 3 ліг з 40 командами
2025-11-12 00:17:23.254 [http-nio-8080-exec-2] INFO   c.f.ua.controller.TeamController [operation=, endpoint=, matchId=, teamName=, score=] - Отримано запит на список всіх команд
2025-11-12 00:17:23.765 [http-nio-8080-exec-10] INFO  DB_OPERATION c.f.ua.controller.MatchController [operation=list, endpoint=/api/matches, matchId=, teamName=, score=] - Запит на отримання списку матчів
2025-11-12 00:17:23.769 [http-nio-8080-exec-10] INFO  DB_OPERATION c.f.ua.controller.MatchController [operation=list, endpoint=/api/matches, matchId=, teamName=, score=] - Повернуто 0 матчів
2025-11-12 00:17:23.783 [http-nio-8080-exec-1] INFO  DB_OPERATION c.f.ua.controller.MatchController [operation=list, endpoint=/api/matches, matchId=, teamName=, score=] - Запит на отримання списку матчів
2025-11-12 00:17:23.788 [http-nio-8080-exec-1] INFO  DB_OPERATION c.f.ua.controller.MatchController [operation=list, endpoint=/api/matches, matchId=, teamName=, score=] - Повернуто 0 матчів
2025-11-12 00:17:23.790 [http-nio-8080-exec-6] INFO   c.f.ua.controller.TeamController [operation=, endpoint=, matchId=, teamName=, score=] - Отримано запит на актуальні команди
2025-11-12 00:17:23.790 [http-nio-8080-exec-6] INFO   c.f.ua.controller.TeamController [operation=, endpoint=, matchId=, teamName=, score=] - Повернуто 3 ліг з 40 командами
2025-11-12 00:18:08.362 [http-nio-8080-exec-1] INFO   c.f.ua.controller.TeamController [operation=, endpoint=, matchId=, teamName=, score=] - Отримано запит на актуальні команди
2025-11-12 00:18:08.362 [http-nio-8080-exec-3] INFO  DB_OPERATION c.f.ua.controller.MatchController [operation=list, endpoint=/api/matches, matchId=, teamName=, score=] - Запит на отримання списку матчів
2025-11-12 00:18:08.363 [http-nio-8080-exec-1] INFO   c.f.ua.controller.TeamController [operation=, endpoint=, matchId=, teamName=, score=] - Повернуто 3 ліг з 40 командами
2025-11-12 00:18:08.367 [http-nio-8080-exec-3] INFO  DB_OPERATION c.f.ua.controller.MatchController [operation=list, endpoint=/api/matches, matchId=, teamName=, score=] - Повернуто 0 матчів
2025-11-12 00:18:08.366 [http-nio-8080-exec-8] INFO   c.f.ua.controller.TeamController [operation=, endpoint=, matchId=, teamName=, score=] - Отримано запит на актуальні команди
2025-11-12 00:18:08.372 [http-nio-8080-exec-8] INFO   c.f.ua.controller.TeamController [operation=, endpoint=, matchId=, teamName=, score=] - Повернуто 3 ліг з 40 командами
2025-11-12 00:18:08.433 [http-nio-8080-exec-2] INFO   c.f.ua.controller.TeamController [operation=, endpoint=, matchId=, teamName=, score=] - Отримано запит на список всіх команд
2025-11-12 00:18:08.433 [http-nio-8080-exec-7] INFO  DB_OPERATION c.f.ua.controller.MatchController [operation=list, endpoint=/api/matches, matchId=, teamName=, score=] - Запит на отримання списку матчів
2025-11-12 00:18:08.437 [http-nio-8080-exec-7] INFO  DB_OPERATION c.f.ua.controller.MatchController [operation=list, endpoint=/api/matches, matchId=, teamName=, score=] - Повернуто 0 матчів
2025-11-12 00:18:08.464 [http-nio-8080-exec-9] INFO  DB_OPERATION c.f.ua.controller.MatchController [operation=list, endpoint=/api/matches, matchId=, teamName=, score=] - Запит на отримання списку матчів
2025-11-12 00:18:08.467 [http-nio-8080-exec-9] INFO  DB_OPERATION c.f.ua.controller.MatchController [operation=list, endpoint=/api/matches, matchId=, teamName=, score=] - Повернуто 0 матчів
2025-11-12 00:18:08.474 [http-nio-8080-exec-1] INFO   c.f.ua.controller.TeamController [operation=, endpoint=, matchId=, teamName=, score=] - Отримано запит на актуальні команди
2025-11-12 00:18:08.475 [http-nio-8080-exec-1] INFO   c.f.ua.controller.TeamController [operation=, endpoint=, matchId=, teamName=, score=] - Повернуто 3 ліг з 40 командами
2025-11-12 00:18:09.698 [http-nio-8080-exec-4] INFO   c.f.ua.controller.TeamController [operation=, endpoint=, matchId=, teamName=, score=] - Отримано запит на актуальні команди
2025-11-12 00:18:09.699 [http-nio-8080-exec-4] INFO   c.f.ua.controller.TeamController [operation=, endpoint=, matchId=, teamName=, score=] - Повернуто 3 ліг з 40 командами
2025-11-12 00:18:09.709 [http-nio-8080-exec-5] INFO   c.f.ua.controller.TeamController [operation=, endpoint=, matchId=, teamName=, score=] - Отримано запит на список всіх команд
2025-11-12 00:18:11.011 [http-nio-8080-exec-2] INFO   c.f.ua.controller.TeamController [operation=, endpoint=, matchId=, teamName=, score=] - Отримано запит на актуальні команди
2025-11-12 00:18:11.011 [http-nio-8080-exec-2] INFO   c.f.ua.controller.TeamController [operation=, endpoint=, matchId=, teamName=, score=] - Повернуто 3 ліг з 40 командами
2025-11-12 00:18:11.019 [http-nio-8080-exec-7] INFO   c.f.ua.controller.TeamController [operation=, endpoint=, matchId=, teamName=, score=] - Отримано запит на список всіх команд
2025-11-12 00:18:11.456 [http-nio-8080-exec-10] INFO   c.f.ua.controller.TeamController [operation=, endpoint=, matchId=, teamName=, score=] - Отримано запит на актуальні команди
2025-11-12 00:18:11.456 [http-nio-8080-exec-10] INFO   c.f.ua.controller.TeamController [operation=, endpoint=, matchId=, teamName=, score=] - Повернуто 3 ліг з 40 командами
2025-11-12 00:18:11.470 [http-nio-8080-exec-6] INFO   c.f.ua.controller.TeamController [operation=, endpoint=, matchId=, teamName=, score=] - Отримано запит на список всіх команд
2025-11-12 00:18:12.826 [http-nio-8080-exec-7] INFO   c.f.ua.controller.TeamController [operation=, endpoint=, matchId=, teamName=, score=] - Отримано запит на актуальні команди
2025-11-12 00:18:12.827 [http-nio-8080-exec-7] INFO   c.f.ua.controller.TeamController [operation=, endpoint=, matchId=, teamName=, score=] - Повернуто 3 ліг з 40 командами
2025-11-12 00:18:12.827 [http-nio-8080-exec-10] INFO  DB_OPERATION c.f.ua.controller.MatchController [operation=list, endpoint=/api/matches, matchId=, teamName=, score=] - Запит на отримання списку матчів
2025-11-12 00:18:12.832 [http-nio-8080-exec-1] INFO   c.f.ua.controller.TeamController [operation=, endpoint=, matchId=, teamName=, score=] - Отримано запит на актуальні команди
2025-11-12 00:18:12.832 [http-nio-8080-exec-10] INFO  DB_OPERATION c.f.ua.controller.MatchController [operation=list, endpoint=/api/matches, matchId=, teamName=, score=] - Повернуто 0 матчів
2025-11-12 00:18:12.833 [http-nio-8080-exec-1] INFO   c.f.ua.controller.TeamController [operation=, endpoint=, matchId=, teamName=, score=] - Повернуто 3 ліг з 40 командами
2025-11-12 00:18:12.885 [http-nio-8080-exec-3] INFO  DB_OPERATION c.f.ua.controller.MatchController [operation=list, endpoint=/api/matches, matchId=, teamName=, score=] - Запит на отримання списку матчів
2025-11-12 00:18:12.885 [http-nio-8080-exec-8] INFO   c.f.ua.controller.TeamController [operation=, endpoint=, matchId=, teamName=, score=] - Отримано запит на список всіх команд
2025-11-12 00:18:12.889 [http-nio-8080-exec-3] INFO  DB_OPERATION c.f.ua.controller.MatchController [operation=list, endpoint=/api/matches, matchId=, teamName=, score=] - Повернуто 0 матчів
2025-11-12 00:18:12.918 [http-nio-8080-exec-9] INFO  DB_OPERATION c.f.ua.controller.MatchController [operation=list, endpoint=/api/matches, matchId=, teamName=, score=] - Запит на отримання списку матчів
2025-11-12 00:18:12.921 [http-nio-8080-exec-9] INFO  DB_OPERATION c.f.ua.controller.MatchController [operation=list, endpoint=/api/matches, matchId=, teamName=, score=] - Повернуто 0 матчів
2025-11-12 00:18:12.928 [http-nio-8080-exec-7] INFO   c.f.ua.controller.TeamController [operation=, endpoint=, matchId=, teamName=, score=] - Отримано запит на актуальні команди
2025-11-12 00:18:12.929 [http-nio-8080-exec-7] INFO   c.f.ua.controller.TeamController [operation=, endpoint=, matchId=, teamName=, score=] - Повернуто 3 ліг з 40 командами
2025-11-12 00:18:15.623 [SpringApplicationShutdownHook] INFO   o.s.b.w.e.tomcat.GracefulShutdown [operation=, endpoint=, matchId=, teamName=, score=] - Commencing graceful shutdown. Waiting for active requests to complete
2025-11-12 00:18:15.629 [tomcat-shutdown] INFO   o.s.b.w.e.tomcat.GracefulShutdown [operation=, endpoint=, matchId=, teamName=, score=] - Graceful shutdown complete
2025-11-12 00:18:17.662 [SpringApplicationShutdownHook] INFO   o.s.o.j.LocalContainerEntityManagerFactoryBean [operation=, endpoint=, matchId=, teamName=, score=] - Closing JPA EntityManagerFactory for persistence unit 'default'
2025-11-12 00:18:17.664 [SpringApplicationShutdownHook] INFO   com.zaxxer.hikari.HikariDataSource [operation=, endpoint=, matchId=, teamName=, score=] - HikariPool-1 - Shutdown initiated...
2025-11-12 00:18:17.666 [SpringApplicationShutdownHook] INFO   com.zaxxer.hikari.HikariDataSource [operation=, endpoint=, matchId=, teamName=, score=] - HikariPool-1 - Shutdown completed.
2025-11-12 00:18:20.819 [background-preinit] INFO   o.h.validator.internal.util.Version [operation=, endpoint=, matchId=, teamName=, score=] - HV000001: Hibernate Validator 8.0.3.Final
2025-11-12 00:18:20.879 [main] INFO   com.football.ua.FootballApp [operation=, endpoint=, matchId=, teamName=, score=] - Starting FootballApp using Java 24.0.2 with PID 19564 (D:\Могилянка\Spring Boot\Lab10\SB9\SB8\SB2\target\classes started by Andre in D:\Могилянка\Spring Boot\Lab10\SB9\SB8\SB2)
2025-11-12 00:18:20.883 [main] INFO   com.football.ua.FootballApp [operation=, endpoint=, matchId=, teamName=, score=] - No active profile set, falling back to 1 default profile: "default"
2025-11-12 00:18:22.643 [main] INFO   o.s.d.r.c.RepositoryConfigurationDelegate [operation=, endpoint=, matchId=, teamName=, score=] - Bootstrapping Spring Data JPA repositories in DEFAULT mode.
2025-11-12 00:18:23.011 [main] INFO   o.s.d.r.c.RepositoryConfigurationDelegate [operation=, endpoint=, matchId=, teamName=, score=] - Finished Spring Data repository scanning in 349 ms. Found 7 JPA repository interfaces.
2025-11-12 00:18:23.666 [main] INFO   o.s.b.w.e.tomcat.TomcatWebServer [operation=, endpoint=, matchId=, teamName=, score=] - Tomcat initialized with port 8080 (http)
2025-11-12 00:18:23.680 [main] INFO   o.a.coyote.http11.Http11NioProtocol [operation=, endpoint=, matchId=, teamName=, score=] - Initializing ProtocolHandler ["http-nio-8080"]
2025-11-12 00:18:23.681 [main] INFO   o.a.catalina.core.StandardService [operation=, endpoint=, matchId=, teamName=, score=] - Starting service [Tomcat]
2025-11-12 00:18:23.681 [main] INFO   o.a.catalina.core.StandardEngine [operation=, endpoint=, matchId=, teamName=, score=] - Starting Servlet engine: [Apache Tomcat/10.1.46]
2025-11-12 00:18:23.759 [main] INFO   o.a.c.c.C.[Tomcat].[localhost].[/] [operation=, endpoint=, matchId=, teamName=, score=] - Initializing Spring embedded WebApplicationContext
2025-11-12 00:18:23.759 [main] INFO   o.s.b.w.s.c.ServletWebServerApplicationContext [operation=, endpoint=, matchId=, teamName=, score=] - Root WebApplicationContext: initialization completed in 2798 ms
2025-11-12 00:18:23.932 [main] INFO   o.h.jpa.internal.util.LogHelper [operation=, endpoint=, matchId=, teamName=, score=] - HHH000204: Processing PersistenceUnitInfo [name: default]
2025-11-12 00:18:23.981 [main] INFO   org.hibernate.Version [operation=, endpoint=, matchId=, teamName=, score=] - HHH000412: Hibernate ORM core version 6.6.29.Final
2025-11-12 00:18:24.009 [main] INFO   o.h.c.i.RegionFactoryInitiator [operation=, endpoint=, matchId=, teamName=, score=] - HHH000026: Second-level cache disabled
2025-11-12 00:18:24.225 [main] INFO   o.s.o.j.p.SpringPersistenceUnitInfo [operation=, endpoint=, matchId=, teamName=, score=] - No LoadTimeWeaver setup: ignoring JPA class transformer
2025-11-12 00:18:24.253 [main] INFO   com.zaxxer.hikari.HikariDataSource [operation=, endpoint=, matchId=, teamName=, score=] - HikariPool-1 - Starting...
2025-11-12 00:18:24.448 [main] INFO   com.zaxxer.hikari.pool.HikariPool [operation=, endpoint=, matchId=, teamName=, score=] - HikariPool-1 - Added connection conn0: url=jdbc:h2:file:./footballdb/football user=SA
2025-11-12 00:18:24.449 [main] INFO   com.zaxxer.hikari.HikariDataSource [operation=, endpoint=, matchId=, teamName=, score=] - HikariPool-1 - Start completed.
2025-11-12 00:18:24.491 [main] INFO   o.hibernate.orm.connections.pooling [operation=, endpoint=, matchId=, teamName=, score=] - HHH10001005: Database info:
	Database JDBC URL [Connecting through datasource 'HikariDataSource (HikariPool-1)']
	Database driver: undefined/unknown
	Database version: 2.3.232
	Autocommit mode: undefined/unknown
	Isolation level: undefined/unknown
	Minimum pool size: undefined/unknown
	Maximum pool size: undefined/unknown
2025-11-12 00:18:25.263 [main] INFO   o.h.e.t.j.p.i.JtaPlatformInitiator [operation=, endpoint=, matchId=, teamName=, score=] - HHH000489: No JTA platform available (set 'hibernate.transaction.jta.platform' to enable JTA platform integration)
2025-11-12 00:18:25.309 [main] INFO   o.s.o.j.LocalContainerEntityManagerFactoryBean [operation=, endpoint=, matchId=, teamName=, score=] - Initialized JPA EntityManagerFactory for persistence unit 'default'
2025-11-12 00:18:25.600 [main] INFO   o.s.s.c.a.a.c.InitializeAuthenticationProviderBeanManagerConfigurer$InitializeAuthenticationProviderManagerConfigurer [operation=, endpoint=, matchId=, teamName=, score=] - Global AuthenticationManager configured with AuthenticationProvider bean with name authenticationProvider
2025-11-12 00:18:25.600 [main] WARN   o.s.s.c.a.a.c.InitializeUserDetailsBeanManagerConfigurer$InitializeUserDetailsManagerConfigurer [operation=, endpoint=, matchId=, teamName=, score=] - Global AuthenticationManager configured with an AuthenticationProvider bean. UserDetailsService beans will not be used by Spring Security for automatically configuring username/password login. Consider removing the AuthenticationProvider bean. Alternatively, consider using the UserDetailsService in a manually instantiated DaoAuthenticationProvider. If the current configuration is intentional, to turn off this warning, increase the logging level of 'org.springframework.security.config.annotation.authentication.configuration.InitializeUserDetailsBeanManagerConfigurer' to ERROR
2025-11-12 00:18:26.546 [main] INFO   c.f.ua.service.FileCacheService [operation=, endpoint=, matchId=, teamName=, score=] - 📁 Ініціалізовано структуру кешу
2025-11-12 00:18:26.831 [main] WARN   o.s.b.a.o.j.JpaBaseConfiguration$JpaWebConfiguration [operation=, endpoint=, matchId=, teamName=, score=] - spring.jpa.open-in-view is enabled by default. Therefore, database queries may be performed during view rendering. Explicitly configure spring.jpa.open-in-view to disable this warning
2025-11-12 00:18:26.905 [main] INFO   o.s.b.a.w.s.WelcomePageHandlerMapping [operation=, endpoint=, matchId=, teamName=, score=] - Adding welcome page: class path resource [static/index.html]
2025-11-12 00:18:28.136 [main] INFO   o.s.b.a.h.H2ConsoleAutoConfiguration [operation=, endpoint=, matchId=, teamName=, score=] - H2 console available at '/h2-console'. Database available at 'jdbc:h2:file:./footballdb/football'
2025-11-12 00:18:28.272 [main] INFO   o.a.coyote.http11.Http11NioProtocol [operation=, endpoint=, matchId=, teamName=, score=] - Starting ProtocolHandler ["http-nio-8080"]
2025-11-12 00:18:28.281 [main] INFO   o.s.b.w.e.tomcat.TomcatWebServer [operation=, endpoint=, matchId=, teamName=, score=] - Tomcat started on port 8080 (http) with context path '/'
2025-11-12 00:18:28.290 [main] INFO   com.football.ua.FootballApp [operation=, endpoint=, matchId=, teamName=, score=] - Started FootballApp in 8.266 seconds (process running for 9.552)
2025-11-12 00:18:28.334 [http-nio-8080-exec-1] INFO   o.a.c.c.C.[Tomcat].[localhost].[/] [operation=, endpoint=, matchId=, teamName=, score=] - Initializing Spring DispatcherServlet 'dispatcherServlet'
2025-11-12 00:18:28.334 [http-nio-8080-exec-1] INFO   o.s.web.servlet.DispatcherServlet [operation=, endpoint=, matchId=, teamName=, score=] - Initializing Servlet 'dispatcherServlet'
2025-11-12 00:18:28.335 [http-nio-8080-exec-1] INFO   o.s.web.servlet.DispatcherServlet [operation=, endpoint=, matchId=, teamName=, score=] - Completed initialization in 1 ms
2025-11-12 00:18:28.513 [http-nio-8080-exec-8] INFO   c.f.ua.controller.TeamController [operation=, endpoint=, matchId=, teamName=, score=] - Отримано запит на актуальні команди
2025-11-12 00:18:28.513 [http-nio-8080-exec-9] INFO  DB_OPERATION c.f.ua.controller.MatchController [operation=list, endpoint=/api/matches, matchId=, teamName=, score=] - Запит на отримання списку матчів
2025-11-12 00:18:28.515 [http-nio-8080-exec-8] INFO   c.f.ua.controller.TeamController [operation=, endpoint=, matchId=, teamName=, score=] - Повернуто 3 ліг з 40 командами
2025-11-12 00:18:28.520 [http-nio-8080-exec-9] INFO  DB_OPERATION c.f.ua.controller.MatchController [operation=list, endpoint=/api/matches, matchId=, teamName=, score=] - Повернуто 0 матчів
2025-11-12 00:18:28.588 [http-nio-8080-exec-2] INFO   c.f.ua.controller.TeamController [operation=, endpoint=, matchId=, teamName=, score=] - Отримано запит на актуальні команди
2025-11-12 00:18:28.589 [http-nio-8080-exec-2] INFO   c.f.ua.controller.TeamController [operation=, endpoint=, matchId=, teamName=, score=] - Повернуто 3 ліг з 40 командами
2025-11-12 00:18:28.676 [http-nio-8080-exec-4] INFO  DB_OPERATION c.f.ua.controller.MatchController [operation=list, endpoint=/api/matches, matchId=, teamName=, score=] - Запит на отримання списку матчів
2025-11-12 00:18:28.677 [http-nio-8080-exec-5] INFO   c.f.ua.controller.TeamController [operation=, endpoint=, matchId=, teamName=, score=] - Отримано запит на список всіх команд
2025-11-12 00:18:28.680 [http-nio-8080-exec-4] INFO  DB_OPERATION c.f.ua.controller.MatchController [operation=list, endpoint=/api/matches, matchId=, teamName=, score=] - Повернуто 0 матчів
2025-11-12 00:18:28.752 [http-nio-8080-exec-1] INFO  DB_OPERATION c.f.ua.controller.MatchController [operation=list, endpoint=/api/matches, matchId=, teamName=, score=] - Запит на отримання списку матчів
2025-11-12 00:18:28.756 [http-nio-8080-exec-1] INFO  DB_OPERATION c.f.ua.controller.MatchController [operation=list, endpoint=/api/matches, matchId=, teamName=, score=] - Повернуто 0 матчів
2025-11-12 00:18:28.770 [http-nio-8080-exec-7] INFO   c.f.ua.controller.TeamController [operation=, endpoint=, matchId=, teamName=, score=] - Отримано запит на актуальні команди
2025-11-12 00:18:28.770 [http-nio-8080-exec-7] INFO   c.f.ua.controller.TeamController [operation=, endpoint=, matchId=, teamName=, score=] - Повернуто 3 ліг з 40 командами
2025-11-12 00:21:30.197 [SpringApplicationShutdownHook] INFO   o.s.b.w.e.tomcat.GracefulShutdown [operation=, endpoint=, matchId=, teamName=, score=] - Commencing graceful shutdown. Waiting for active requests to complete
2025-11-12 00:21:30.203 [tomcat-shutdown] INFO   o.s.b.w.e.tomcat.GracefulShutdown [operation=, endpoint=, matchId=, teamName=, score=] - Graceful shutdown complete
2025-11-12 00:21:32.277 [SpringApplicationShutdownHook] INFO   o.s.o.j.LocalContainerEntityManagerFactoryBean [operation=, endpoint=, matchId=, teamName=, score=] - Closing JPA EntityManagerFactory for persistence unit 'default'
2025-11-12 00:21:32.280 [SpringApplicationShutdownHook] INFO   com.zaxxer.hikari.HikariDataSource [operation=, endpoint=, matchId=, teamName=, score=] - HikariPool-1 - Shutdown initiated...
2025-11-12 00:21:32.283 [SpringApplicationShutdownHook] INFO   com.zaxxer.hikari.HikariDataSource [operation=, endpoint=, matchId=, teamName=, score=] - HikariPool-1 - Shutdown completed.
2025-11-12 00:21:39.654 [background-preinit] INFO   o.h.validator.internal.util.Version [operation=, endpoint=, matchId=, teamName=, score=] - HV000001: Hibernate Validator 8.0.3.Final
2025-11-12 00:21:39.687 [main] INFO   com.football.ua.FootballApp [operation=, endpoint=, matchId=, teamName=, score=] - Starting FootballApp using Java 24.0.2 with PID 21332 (D:\Могилянка\Spring Boot\Lab10\SB9\SB8\SB2\target\classes started by Andre in D:\Могилянка\Spring Boot\Lab10\SB9\SB8\SB2)
2025-11-12 00:21:39.690 [main] INFO   com.football.ua.FootballApp [operation=, endpoint=, matchId=, teamName=, score=] - No active profile set, falling back to 1 default profile: "default"
2025-11-12 00:21:40.410 [main] INFO   o.s.d.r.c.RepositoryConfigurationDelegate [operation=, endpoint=, matchId=, teamName=, score=] - Bootstrapping Spring Data JPA repositories in DEFAULT mode.
2025-11-12 00:21:40.547 [main] INFO   o.s.d.r.c.RepositoryConfigurationDelegate [operation=, endpoint=, matchId=, teamName=, score=] - Finished Spring Data repository scanning in 130 ms. Found 7 JPA repository interfaces.
2025-11-12 00:21:41.001 [main] INFO   o.s.b.w.e.tomcat.TomcatWebServer [operation=, endpoint=, matchId=, teamName=, score=] - Tomcat initialized with port 8080 (http)
2025-11-12 00:21:41.010 [main] INFO   o.a.coyote.http11.Http11NioProtocol [operation=, endpoint=, matchId=, teamName=, score=] - Initializing ProtocolHandler ["http-nio-8080"]
2025-11-12 00:21:41.011 [main] INFO   o.a.catalina.core.StandardService [operation=, endpoint=, matchId=, teamName=, score=] - Starting service [Tomcat]
2025-11-12 00:21:41.011 [main] INFO   o.a.catalina.core.StandardEngine [operation=, endpoint=, matchId=, teamName=, score=] - Starting Servlet engine: [Apache Tomcat/10.1.46]
2025-11-12 00:21:41.069 [main] INFO   o.a.c.c.C.[Tomcat].[localhost].[/] [operation=, endpoint=, matchId=, teamName=, score=] - Initializing Spring embedded WebApplicationContext
2025-11-12 00:21:41.069 [main] INFO   o.s.b.w.s.c.ServletWebServerApplicationContext [operation=, endpoint=, matchId=, teamName=, score=] - Root WebApplicationContext: initialization completed in 1343 ms
2025-11-12 00:21:41.166 [main] INFO   o.h.jpa.internal.util.LogHelper [operation=, endpoint=, matchId=, teamName=, score=] - HHH000204: Processing PersistenceUnitInfo [name: default]
2025-11-12 00:21:41.200 [main] INFO   org.hibernate.Version [operation=, endpoint=, matchId=, teamName=, score=] - HHH000412: Hibernate ORM core version 6.6.29.Final
2025-11-12 00:21:41.224 [main] INFO   o.h.c.i.RegionFactoryInitiator [operation=, endpoint=, matchId=, teamName=, score=] - HHH000026: Second-level cache disabled
2025-11-12 00:21:41.428 [main] INFO   o.s.o.j.p.SpringPersistenceUnitInfo [operation=, endpoint=, matchId=, teamName=, score=] - No LoadTimeWeaver setup: ignoring JPA class transformer
2025-11-12 00:21:41.449 [main] INFO   com.zaxxer.hikari.HikariDataSource [operation=, endpoint=, matchId=, teamName=, score=] - HikariPool-1 - Starting...
2025-11-12 00:21:41.624 [main] INFO   com.zaxxer.hikari.pool.HikariPool [operation=, endpoint=, matchId=, teamName=, score=] - HikariPool-1 - Added connection conn0: url=jdbc:h2:file:./footballdb/football user=SA
2025-11-12 00:21:41.626 [main] INFO   com.zaxxer.hikari.HikariDataSource [operation=, endpoint=, matchId=, teamName=, score=] - HikariPool-1 - Start completed.
2025-11-12 00:21:41.675 [main] INFO   o.hibernate.orm.connections.pooling [operation=, endpoint=, matchId=, teamName=, score=] - HHH10001005: Database info:
	Database JDBC URL [Connecting through datasource 'HikariDataSource (HikariPool-1)']
	Database driver: undefined/unknown
	Database version: 2.3.232
	Autocommit mode: undefined/unknown
	Isolation level: undefined/unknown
	Minimum pool size: undefined/unknown
	Maximum pool size: undefined/unknown
2025-11-12 00:21:42.440 [main] INFO   o.h.e.t.j.p.i.JtaPlatformInitiator [operation=, endpoint=, matchId=, teamName=, score=] - HHH000489: No JTA platform available (set 'hibernate.transaction.jta.platform' to enable JTA platform integration)
2025-11-12 00:21:42.487 [main] INFO   o.s.o.j.LocalContainerEntityManagerFactoryBean [operation=, endpoint=, matchId=, teamName=, score=] - Initialized JPA EntityManagerFactory for persistence unit 'default'
2025-11-12 00:21:42.771 [main] INFO   o.s.s.c.a.a.c.InitializeAuthenticationProviderBeanManagerConfigurer$InitializeAuthenticationProviderManagerConfigurer [operation=, endpoint=, matchId=, teamName=, score=] - Global AuthenticationManager configured with AuthenticationProvider bean with name authenticationProvider
2025-11-12 00:21:42.771 [main] WARN   o.s.s.c.a.a.c.InitializeUserDetailsBeanManagerConfigurer$InitializeUserDetailsManagerConfigurer [operation=, endpoint=, matchId=, teamName=, score=] - Global AuthenticationManager configured with an AuthenticationProvider bean. UserDetailsService beans will not be used by Spring Security for automatically configuring username/password login. Consider removing the AuthenticationProvider bean. Alternatively, consider using the UserDetailsService in a manually instantiated DaoAuthenticationProvider. If the current configuration is intentional, to turn off this warning, increase the logging level of 'org.springframework.security.config.annotation.authentication.configuration.InitializeUserDetailsBeanManagerConfigurer' to ERROR
2025-11-12 00:21:43.198 [main] INFO   c.f.ua.service.FileCacheService [operation=, endpoint=, matchId=, teamName=, score=] - 📁 Ініціалізовано структуру кешу
2025-11-12 00:21:43.425 [main] WARN   o.s.b.a.o.j.JpaBaseConfiguration$JpaWebConfiguration [operation=, endpoint=, matchId=, teamName=, score=] - spring.jpa.open-in-view is enabled by default. Therefore, database queries may be performed during view rendering. Explicitly configure spring.jpa.open-in-view to disable this warning
2025-11-12 00:21:43.450 [main] INFO   o.s.b.a.w.s.WelcomePageHandlerMapping [operation=, endpoint=, matchId=, teamName=, score=] - Adding welcome page: class path resource [static/index.html]
2025-11-12 00:21:43.878 [main] INFO   o.s.b.a.h.H2ConsoleAutoConfiguration [operation=, endpoint=, matchId=, teamName=, score=] - H2 console available at '/h2-console'. Database available at 'jdbc:h2:file:./footballdb/football'
2025-11-12 00:21:43.939 [main] INFO   o.a.coyote.http11.Http11NioProtocol [operation=, endpoint=, matchId=, teamName=, score=] - Starting ProtocolHandler ["http-nio-8080"]
2025-11-12 00:21:43.947 [main] INFO   o.s.b.w.e.tomcat.TomcatWebServer [operation=, endpoint=, matchId=, teamName=, score=] - Tomcat started on port 8080 (http) with context path '/'
2025-11-12 00:21:43.954 [main] INFO   com.football.ua.FootballApp [operation=, endpoint=, matchId=, teamName=, score=] - Started FootballApp in 4.667 seconds (process running for 5.125)
2025-11-12 00:21:47.007 [http-nio-8080-exec-1] INFO   o.a.c.c.C.[Tomcat].[localhost].[/] [operation=, endpoint=, matchId=, teamName=, score=] - Initializing Spring DispatcherServlet 'dispatcherServlet'
2025-11-12 00:21:47.007 [http-nio-8080-exec-1] INFO   o.s.web.servlet.DispatcherServlet [operation=, endpoint=, matchId=, teamName=, score=] - Initializing Servlet 'dispatcherServlet'
2025-11-12 00:21:47.007 [http-nio-8080-exec-1] INFO   o.s.web.servlet.DispatcherServlet [operation=, endpoint=, matchId=, teamName=, score=] - Completed initialization in 0 ms
2025-11-12 00:21:47.203 [http-nio-8080-exec-10] INFO   c.f.ua.controller.TeamController [operation=, endpoint=, matchId=, teamName=, score=] - Отримано запит на актуальні команди
2025-11-12 00:21:47.203 [http-nio-8080-exec-3] INFO  DB_OPERATION c.f.ua.controller.MatchController [operation=list, endpoint=/api/matches, matchId=, teamName=, score=] - Запит на отримання списку матчів
2025-11-12 00:21:47.203 [http-nio-8080-exec-1] INFO   c.f.ua.controller.TeamController [operation=, endpoint=, matchId=, teamName=, score=] - Отримано запит на майбутні матчі
2025-11-12 00:21:47.203 [http-nio-8080-exec-5] INFO   c.f.ua.controller.TeamController [operation=, endpoint=, matchId=, teamName=, score=] - Отримано запит на минулі матчі
2025-11-12 00:21:47.211 [http-nio-8080-exec-3] INFO  DB_OPERATION c.f.ua.controller.MatchController [operation=list, endpoint=/api/matches, matchId=, teamName=, score=] - Повернуто 0 матчів
2025-11-12 00:21:47.219 [http-nio-8080-exec-1] INFO   c.f.ua.service.FileCacheService [operation=, endpoint=, matchId=, teamName=, score=] - 🔍 Перевірка кешу matches/upcoming_matches_by_matchday: вік 73 хв <= ліміт 30 хв = false ✅
2025-11-12 00:21:47.221 [http-nio-8080-exec-5] INFO   c.f.ua.service.FileCacheService [operation=, endpoint=, matchId=, teamName=, score=] - 🔍 Перевірка кешу matches/previous_matches_by_matchday: вік 77 хв <= ліміт 30 хв = false ✅
2025-11-12 00:21:47.219 [http-nio-8080-exec-10] INFO   c.f.ua.service.FileCacheService [operation=, endpoint=, matchId=, teamName=, score=] - 🔍 Перевірка кешу teams/all_teams: вік 57 хв <= ліміт 60 хв = true ✅
2025-11-12 00:21:47.222 [http-nio-8080-exec-5] WARN   c.f.ua.service.FileCacheService [operation=, endpoint=, matchId=, teamName=, score=] - ⚠️ Кеш matches/previous_matches_by_matchday застарілий: 77 хв > 30 хв
2025-11-12 00:21:47.221 [http-nio-8080-exec-1] WARN   c.f.ua.service.FileCacheService [operation=, endpoint=, matchId=, teamName=, score=] - ⚠️ Кеш matches/upcoming_matches_by_matchday застарілий: 73 хв > 30 хв
2025-11-12 00:21:47.223 [http-nio-8080-exec-5] INFO   c.f.u.service.ExternalTeamApiService [operation=, endpoint=, matchId=, teamName=, score=] - ⚡ Завантажуємо previous матчі по турах...
2025-11-12 00:21:47.223 [http-nio-8080-exec-10] INFO   c.f.u.service.ExternalTeamApiService [operation=, endpoint=, matchId=, teamName=, score=] - 🔍 Результат перевірки кешу команд: true
2025-11-12 00:21:47.224 [http-nio-8080-exec-1] INFO   c.f.u.service.ExternalTeamApiService [operation=, endpoint=, matchId=, teamName=, score=] - ⚡ Завантажуємо upcoming матчі по турах...
2025-11-12 00:21:47.249 [http-nio-8080-exec-10] INFO   c.f.ua.service.FileCacheService [operation=, endpoint=, matchId=, teamName=, score=] - ✅ Завантажено з кешу: teams/all_teams (вік: 57 хв, тип: Map)
2025-11-12 00:21:47.250 [http-nio-8080-exec-10] INFO   c.f.u.service.ExternalTeamApiService [operation=, endpoint=, matchId=, teamName=, score=] - 📦 Повертаємо закешовані команди з файлу
2025-11-12 00:21:47.255 [http-nio-8080-exec-10] INFO   c.f.ua.controller.TeamController [operation=, endpoint=, matchId=, teamName=, score=] - Повернуто 7 ліг з 148 командами
2025-11-12 00:21:47.267 [http-nio-8080-exec-2] INFO  DB_OPERATION c.f.ua.controller.MatchController [operation=list, endpoint=/api/matches, matchId=, teamName=, score=] - Запит на отримання списку матчів
2025-11-12 00:21:47.269 [http-nio-8080-exec-8] INFO   c.f.ua.controller.TeamController [operation=, endpoint=, matchId=, teamName=, score=] - Отримано запит на актуальні команди
2025-11-12 00:21:47.272 [http-nio-8080-exec-2] INFO  DB_OPERATION c.f.ua.controller.MatchController [operation=list, endpoint=/api/matches, matchId=, teamName=, score=] - Повернуто 0 матчів
2025-11-12 00:21:47.298 [http-nio-8080-exec-8] INFO   c.f.ua.service.FileCacheService [operation=, endpoint=, matchId=, teamName=, score=] - 🔍 Перевірка кешу teams/all_teams: вік 57 хв <= ліміт 60 хв = true ✅
2025-11-12 00:21:47.299 [http-nio-8080-exec-8] INFO   c.f.u.service.ExternalTeamApiService [operation=, endpoint=, matchId=, teamName=, score=] - 🔍 Результат перевірки кешу команд: true
2025-11-12 00:21:47.302 [http-nio-8080-exec-8] INFO   c.f.ua.service.FileCacheService [operation=, endpoint=, matchId=, teamName=, score=] - ✅ Завантажено з кешу: teams/all_teams (вік: 57 хв, тип: Map)
2025-11-12 00:21:47.304 [http-nio-8080-exec-8] INFO   c.f.u.service.ExternalTeamApiService [operation=, endpoint=, matchId=, teamName=, score=] - 📦 Повертаємо закешовані команди з файлу
2025-11-12 00:21:47.305 [http-nio-8080-exec-8] INFO   c.f.ua.controller.TeamController [operation=, endpoint=, matchId=, teamName=, score=] - Повернуто 7 ліг з 148 командами
2025-11-12 00:21:47.326 [http-nio-8080-exec-4] INFO   c.f.ua.controller.TeamController [operation=, endpoint=, matchId=, teamName=, score=] - Отримано запит на список всіх команд
2025-11-12 00:21:47.342 [http-nio-8080-exec-2] INFO  DB_OPERATION c.f.ua.controller.MatchController [operation=list, endpoint=/api/matches, matchId=, teamName=, score=] - Запит на отримання списку матчів
2025-11-12 00:21:47.346 [http-nio-8080-exec-2] INFO  DB_OPERATION c.f.ua.controller.MatchController [operation=list, endpoint=/api/matches, matchId=, teamName=, score=] - Повернуто 0 матчів
2025-11-12 00:21:47.352 [http-nio-8080-exec-8] INFO   c.f.ua.controller.TeamController [operation=, endpoint=, matchId=, teamName=, score=] - Отримано запит на актуальні команди
2025-11-12 00:21:47.355 [http-nio-8080-exec-8] INFO   c.f.ua.service.FileCacheService [operation=, endpoint=, matchId=, teamName=, score=] - 🔍 Перевірка кешу teams/all_teams: вік 57 хв <= ліміт 60 хв = true ✅
2025-11-12 00:21:47.355 [http-nio-8080-exec-8] INFO   c.f.u.service.ExternalTeamApiService [operation=, endpoint=, matchId=, teamName=, score=] - 🔍 Результат перевірки кешу команд: true
2025-11-12 00:21:47.359 [http-nio-8080-exec-8] INFO   c.f.ua.service.FileCacheService [operation=, endpoint=, matchId=, teamName=, score=] - ✅ Завантажено з кешу: teams/all_teams (вік: 57 хв, тип: Map)
2025-11-12 00:21:47.360 [http-nio-8080-exec-8] INFO   c.f.u.service.ExternalTeamApiService [operation=, endpoint=, matchId=, teamName=, score=] - 📦 Повертаємо закешовані команди з файлу
2025-11-12 00:21:47.361 [http-nio-8080-exec-8] INFO   c.f.ua.controller.TeamController [operation=, endpoint=, matchId=, teamName=, score=] - Повернуто 7 ліг з 148 командами
2025-11-12 00:21:48.378 [http-nio-8080-exec-4] INFO  DB_OPERATION c.f.ua.controller.MatchController [operation=list, endpoint=/api/matches, matchId=, teamName=, score=] - Запит на отримання списку матчів
2025-11-12 00:21:48.382 [http-nio-8080-exec-4] INFO  DB_OPERATION c.f.ua.controller.MatchController [operation=list, endpoint=/api/matches, matchId=, teamName=, score=] - Повернуто 0 матчів
2025-11-12 00:21:48.397 [http-nio-8080-exec-9] INFO  DB_OPERATION c.f.ua.controller.MatchController [operation=list, endpoint=/api/matches, matchId=, teamName=, score=] - Запит на отримання списку матчів
2025-11-12 00:21:48.401 [http-nio-8080-exec-9] INFO  DB_OPERATION c.f.ua.controller.MatchController [operation=list, endpoint=/api/matches, matchId=, teamName=, score=] - Повернуто 0 матчів
2025-11-12 00:21:48.408 [http-nio-8080-exec-2] INFO   c.f.ua.controller.TeamController [operation=, endpoint=, matchId=, teamName=, score=] - Отримано запит на актуальні команди
2025-11-12 00:21:48.411 [http-nio-8080-exec-2] INFO   c.f.ua.service.FileCacheService [operation=, endpoint=, matchId=, teamName=, score=] - 🔍 Перевірка кешу teams/all_teams: вік 57 хв <= ліміт 60 хв = true ✅
2025-11-12 00:21:48.412 [http-nio-8080-exec-2] INFO   c.f.u.service.ExternalTeamApiService [operation=, endpoint=, matchId=, teamName=, score=] - 🔍 Результат перевірки кешу команд: true
2025-11-12 00:21:48.415 [http-nio-8080-exec-2] INFO   c.f.ua.service.FileCacheService [operation=, endpoint=, matchId=, teamName=, score=] - ✅ Завантажено з кешу: teams/all_teams (вік: 57 хв, тип: Map)
2025-11-12 00:21:48.416 [http-nio-8080-exec-2] INFO   c.f.u.service.ExternalTeamApiService [operation=, endpoint=, matchId=, teamName=, score=] - 📦 Повертаємо закешовані команди з файлу
2025-11-12 00:21:48.417 [http-nio-8080-exec-2] INFO   c.f.ua.controller.TeamController [operation=, endpoint=, matchId=, teamName=, score=] - Повернуто 7 ліг з 148 командами
2025-11-12 00:21:48.862 [http-nio-8080-exec-1] INFO   c.f.u.service.ExternalTeamApiService [operation=, endpoint=, matchId=, teamName=, score=] - ✅ UCL: 18 матчів (тур 5)
2025-11-12 00:21:48.862 [http-nio-8080-exec-5] INFO   c.f.u.service.ExternalTeamApiService [operation=, endpoint=, matchId=, teamName=, score=] - ✅ UCL: 18 матчів (тур 4)
2025-11-12 00:21:49.077 [http-nio-8080-exec-6] INFO   c.f.ua.controller.TeamController [operation=, endpoint=, matchId=, teamName=, score=] - Отримано запит на актуальні команди
2025-11-12 00:21:49.081 [http-nio-8080-exec-6] INFO   c.f.ua.service.FileCacheService [operation=, endpoint=, matchId=, teamName=, score=] - 🔍 Перевірка кешу teams/all_teams: вік 57 хв <= ліміт 60 хв = true ✅
2025-11-12 00:21:49.082 [http-nio-8080-exec-6] INFO   c.f.u.service.ExternalTeamApiService [operation=, endpoint=, matchId=, teamName=, score=] - 🔍 Результат перевірки кешу команд: true
2025-11-12 00:21:49.084 [http-nio-8080-exec-6] INFO   c.f.ua.service.FileCacheService [operation=, endpoint=, matchId=, teamName=, score=] - ✅ Завантажено з кешу: teams/all_teams (вік: 57 хв, тип: Map)
2025-11-12 00:21:49.085 [http-nio-8080-exec-6] INFO   c.f.u.service.ExternalTeamApiService [operation=, endpoint=, matchId=, teamName=, score=] - 📦 Повертаємо закешовані команди з файлу
2025-11-12 00:21:49.086 [http-nio-8080-exec-6] INFO   c.f.ua.controller.TeamController [operation=, endpoint=, matchId=, teamName=, score=] - Повернуто 7 ліг з 148 командами
2025-11-12 00:21:49.110 [http-nio-8080-exec-7] INFO   c.f.ua.controller.TeamController [operation=, endpoint=, matchId=, teamName=, score=] - Отримано запит на список всіх команд
2025-11-12 00:21:50.110 [http-nio-8080-exec-3] INFO   c.f.ua.controller.TeamController [operation=, endpoint=, matchId=, teamName=, score=] - Отримано запит на актуальні команди
2025-11-12 00:21:50.112 [http-nio-8080-exec-3] INFO   c.f.ua.service.FileCacheService [operation=, endpoint=, matchId=, teamName=, score=] - 🔍 Перевірка кешу teams/all_teams: вік 57 хв <= ліміт 60 хв = true ✅
2025-11-12 00:21:50.113 [http-nio-8080-exec-3] INFO   c.f.u.service.ExternalTeamApiService [operation=, endpoint=, matchId=, teamName=, score=] - 🔍 Результат перевірки кешу команд: true
2025-11-12 00:21:50.117 [http-nio-8080-exec-3] INFO   c.f.ua.service.FileCacheService [operation=, endpoint=, matchId=, teamName=, score=] - ✅ Завантажено з кешу: teams/all_teams (вік: 57 хв, тип: Map)
2025-11-12 00:21:50.118 [http-nio-8080-exec-3] INFO   c.f.u.service.ExternalTeamApiService [operation=, endpoint=, matchId=, teamName=, score=] - 📦 Повертаємо закешовані команди з файлу
2025-11-12 00:21:50.119 [http-nio-8080-exec-3] INFO   c.f.ua.controller.TeamController [operation=, endpoint=, matchId=, teamName=, score=] - Повернуто 7 ліг з 148 командами
2025-11-12 00:21:50.127 [http-nio-8080-exec-4] INFO   c.f.ua.controller.TeamController [operation=, endpoint=, matchId=, teamName=, score=] - Отримано запит на список всіх команд
2025-11-12 00:21:50.771 [http-nio-8080-exec-10] INFO   c.f.ua.controller.TeamController [operation=, endpoint=, matchId=, teamName=, score=] - Отримано запит на актуальні команди
2025-11-12 00:21:50.820 [http-nio-8080-exec-10] INFO   c.f.ua.service.FileCacheService [operation=, endpoint=, matchId=, teamName=, score=] - 🔍 Перевірка кешу teams/all_teams: вік 57 хв <= ліміт 60 хв = true ✅
2025-11-12 00:21:50.821 [http-nio-8080-exec-10] INFO   c.f.u.service.ExternalTeamApiService [operation=, endpoint=, matchId=, teamName=, score=] - 🔍 Результат перевірки кешу команд: true
2025-11-12 00:21:50.823 [http-nio-8080-exec-10] INFO   c.f.ua.service.FileCacheService [operation=, endpoint=, matchId=, teamName=, score=] - ✅ Завантажено з кешу: teams/all_teams (вік: 57 хв, тип: Map)
2025-11-12 00:21:50.824 [http-nio-8080-exec-10] INFO   c.f.u.service.ExternalTeamApiService [operation=, endpoint=, matchId=, teamName=, score=] - 📦 Повертаємо закешовані команди з файлу
2025-11-12 00:21:50.825 [http-nio-8080-exec-10] INFO   c.f.ua.controller.TeamController [operation=, endpoint=, matchId=, teamName=, score=] - Повернуто 7 ліг з 148 командами
2025-11-12 00:21:50.831 [http-nio-8080-exec-9] INFO  DB_OPERATION c.f.ua.controller.MatchController [operation=list, endpoint=/api/matches, matchId=, teamName=, score=] - Запит на отримання списку матчів
2025-11-12 00:21:50.834 [http-nio-8080-exec-9] INFO  DB_OPERATION c.f.ua.controller.MatchController [operation=list, endpoint=/api/matches, matchId=, teamName=, score=] - Повернуто 0 матчів
2025-11-12 00:21:51.025 [http-nio-8080-exec-1] INFO   c.f.u.service.ExternalTeamApiService [operation=, endpoint=, matchId=, teamName=, score=] - ✅ EPL: 0 матчів (тур 11)
2025-11-12 00:21:51.138 [http-nio-8080-exec-5] INFO   c.f.u.service.ExternalTeamApiService [operation=, endpoint=, matchId=, teamName=, score=] - ✅ EPL: 10 матчів (тур 10)
2025-11-12 00:21:52.284 [http-nio-8080-exec-2] INFO   c.f.ua.controller.TeamController [operation=, endpoint=, matchId=, teamName=, score=] - Отримано запит на актуальні команди
2025-11-12 00:21:52.291 [http-nio-8080-exec-2] INFO   c.f.ua.service.FileCacheService [operation=, endpoint=, matchId=, teamName=, score=] - 🔍 Перевірка кешу teams/all_teams: вік 57 хв <= ліміт 60 хв = true ✅
2025-11-12 00:21:52.291 [http-nio-8080-exec-2] INFO   c.f.u.service.ExternalTeamApiService [operation=, endpoint=, matchId=, teamName=, score=] - 🔍 Результат перевірки кешу команд: true
2025-11-12 00:21:52.297 [http-nio-8080-exec-2] INFO   c.f.ua.service.FileCacheService [operation=, endpoint=, matchId=, teamName=, score=] - ✅ Завантажено з кешу: teams/all_teams (вік: 57 хв, тип: Map)
2025-11-12 00:21:52.298 [http-nio-8080-exec-2] INFO   c.f.u.service.ExternalTeamApiService [operation=, endpoint=, matchId=, teamName=, score=] - 📦 Повертаємо закешовані команди з файлу
2025-11-12 00:21:52.298 [http-nio-8080-exec-2] INFO   c.f.ua.controller.TeamController [operation=, endpoint=, matchId=, teamName=, score=] - Повернуто 7 ліг з 148 командами
2025-11-12 00:21:52.307 [http-nio-8080-exec-8] INFO   c.f.ua.controller.TeamController [operation=, endpoint=, matchId=, teamName=, score=] - Отримано запит на список всіх команд
2025-11-12 00:21:52.870 [http-nio-8080-exec-6] INFO   c.f.ua.controller.TeamController [operation=, endpoint=, matchId=, teamName=, score=] - Отримано запит на актуальні команди
2025-11-12 00:21:52.873 [http-nio-8080-exec-6] INFO   c.f.ua.service.FileCacheService [operation=, endpoint=, matchId=, teamName=, score=] - 🔍 Перевірка кешу teams/all_teams: вік 57 хв <= ліміт 60 хв = true ✅
2025-11-12 00:21:52.873 [http-nio-8080-exec-6] INFO   c.f.u.service.ExternalTeamApiService [operation=, endpoint=, matchId=, teamName=, score=] - 🔍 Результат перевірки кешу команд: true
2025-11-12 00:21:52.873 [http-nio-8080-exec-6] INFO   c.f.ua.service.FileCacheService [operation=, endpoint=, matchId=, teamName=, score=] - ✅ Завантажено з кешу: teams/all_teams (вік: 57 хв, тип: Map)
2025-11-12 00:21:52.880 [http-nio-8080-exec-6] INFO   c.f.u.service.ExternalTeamApiService [operation=, endpoint=, matchId=, teamName=, score=] - 📦 Повертаємо закешовані команди з файлу
2025-11-12 00:21:52.880 [http-nio-8080-exec-6] INFO   c.f.ua.controller.TeamController [operation=, endpoint=, matchId=, teamName=, score=] - Повернуто 7 ліг з 148 командами
2025-11-12 00:21:52.887 [http-nio-8080-exec-7] INFO  DB_OPERATION c.f.ua.controller.MatchController [operation=list, endpoint=/api/matches, matchId=, teamName=, score=] - Запит на отримання списку матчів
2025-11-12 00:21:52.887 [http-nio-8080-exec-7] INFO  DB_OPERATION c.f.ua.controller.MatchController [operation=list, endpoint=/api/matches, matchId=, teamName=, score=] - Повернуто 0 матчів
2025-11-12 00:21:53.213 [http-nio-8080-exec-1] INFO   c.f.u.service.ExternalTeamApiService [operation=, endpoint=, matchId=, teamName=, score=] - ✅ LaLiga: 0 матчів (тур 12)
2025-11-12 00:21:53.298 [reactor-http-nio-3] ERROR  c.f.u.service.ExternalTeamApiService [operation=, endpoint=, matchId=, teamName=, score=] - Помилка API для LaLiga: 429 Too Many Requests from GET https://api.football-data.org/v4/competitions/PD/matches
2025-11-12 00:21:53.299 [http-nio-8080-exec-5] ERROR  c.f.u.service.ExternalTeamApiService [operation=, endpoint=, matchId=, teamName=, score=] - ❌ LaLiga: помилка - 429 Too Many Requests from GET https://api.football-data.org/v4/competitions/PD/matches
2025-11-12 00:21:53.727 [http-nio-8080-exec-3] INFO   c.f.ua.controller.TeamController [operation=, endpoint=, matchId=, teamName=, score=] - Отримано запит на актуальні команди
2025-11-12 00:21:53.729 [http-nio-8080-exec-3] INFO   c.f.ua.service.FileCacheService [operation=, endpoint=, matchId=, teamName=, score=] - 🔍 Перевірка кешу teams/all_teams: вік 57 хв <= ліміт 60 хв = true ✅
2025-11-12 00:21:53.729 [http-nio-8080-exec-3] INFO   c.f.u.service.ExternalTeamApiService [operation=, endpoint=, matchId=, teamName=, score=] - 🔍 Результат перевірки кешу команд: true
2025-11-12 00:21:53.729 [http-nio-8080-exec-3] INFO   c.f.ua.service.FileCacheService [operation=, endpoint=, matchId=, teamName=, score=] - ✅ Завантажено з кешу: teams/all_teams (вік: 57 хв, тип: Map)
2025-11-12 00:21:53.735 [http-nio-8080-exec-3] INFO   c.f.u.service.ExternalTeamApiService [operation=, endpoint=, matchId=, teamName=, score=] - 📦 Повертаємо закешовані команди з файлу
2025-11-12 00:21:53.735 [http-nio-8080-exec-3] INFO   c.f.ua.controller.TeamController [operation=, endpoint=, matchId=, teamName=, score=] - Повернуто 7 ліг з 148 командами
2025-11-12 00:21:53.742 [http-nio-8080-exec-4] INFO  DB_OPERATION c.f.ua.controller.MatchController [operation=list, endpoint=/api/matches, matchId=, teamName=, score=] - Запит на отримання списку матчів
2025-11-12 00:21:53.742 [http-nio-8080-exec-4] INFO  DB_OPERATION c.f.ua.controller.MatchController [operation=list, endpoint=/api/matches, matchId=, teamName=, score=] - Повернуто 0 матчів
2025-11-12 00:21:55.299 [http-nio-8080-exec-1] WARN   c.f.u.service.ExternalTeamApiService [operation=, endpoint=, matchId=, teamName=, score=] - ⚠️ Помилка отримання поточного туру для BL1: 429 Too Many Requests from GET https://api.football-data.org/v4/competitions/BL1/standings
2025-11-12 00:21:55.307 [http-nio-8080-exec-1] WARN   c.f.u.service.ExternalTeamApiService [operation=, endpoint=, matchId=, teamName=, score=] - ⚠️ Bundesliga: не вдалося визначити поточний тур
2025-11-12 00:21:55.340 [http-nio-8080-exec-10] INFO   c.f.ua.controller.TeamController [operation=, endpoint=, matchId=, teamName=, score=] - Отримано запит на актуальні команди
2025-11-12 00:21:55.345 [http-nio-8080-exec-10] INFO   c.f.ua.service.FileCacheService [operation=, endpoint=, matchId=, teamName=, score=] - 🔍 Перевірка кешу teams/all_teams: вік 58 хв <= ліміт 60 хв = true ✅
2025-11-12 00:21:55.346 [http-nio-8080-exec-10] INFO   c.f.u.service.ExternalTeamApiService [operation=, endpoint=, matchId=, teamName=, score=] - 🔍 Результат перевірки кешу команд: true
2025-11-12 00:21:55.347 [http-nio-8080-exec-5] WARN   c.f.u.service.ExternalTeamApiService [operation=, endpoint=, matchId=, teamName=, score=] - ⚠️ Помилка отримання поточного туру для BL1: 429 Too Many Requests from GET https://api.football-data.org/v4/competitions/BL1/standings
2025-11-12 00:21:55.347 [http-nio-8080-exec-10] INFO   c.f.ua.service.FileCacheService [operation=, endpoint=, matchId=, teamName=, score=] - ✅ Завантажено з кешу: teams/all_teams (вік: 58 хв, тип: Map)
2025-11-12 00:21:55.347 [http-nio-8080-exec-5] WARN   c.f.u.service.ExternalTeamApiService [operation=, endpoint=, matchId=, teamName=, score=] - ⚠️ Bundesliga: не вдалося визначити поточний тур
2025-11-12 00:21:55.347 [http-nio-8080-exec-10] INFO   c.f.u.service.ExternalTeamApiService [operation=, endpoint=, matchId=, teamName=, score=] - 📦 Повертаємо закешовані команди з файлу
2025-11-12 00:21:55.353 [http-nio-8080-exec-10] INFO   c.f.ua.controller.TeamController [operation=, endpoint=, matchId=, teamName=, score=] - Повернуто 7 ліг з 148 командами
2025-11-12 00:21:55.360 [http-nio-8080-exec-9] INFO   c.f.ua.controller.TeamController [operation=, endpoint=, matchId=, teamName=, score=] - Отримано запит на список всіх команд
2025-11-12 00:21:57.361 [http-nio-8080-exec-1] WARN   c.f.u.service.ExternalTeamApiService [operation=, endpoint=, matchId=, teamName=, score=] - ⚠️ Помилка отримання поточного туру для SA: 429 Too Many Requests from GET https://api.football-data.org/v4/competitions/SA/standings
2025-11-12 00:21:57.363 [http-nio-8080-exec-1] WARN   c.f.u.service.ExternalTeamApiService [operation=, endpoint=, matchId=, teamName=, score=] - ⚠️ SerieA: не вдалося визначити поточний тур
2025-11-12 00:21:57.440 [http-nio-8080-exec-5] WARN   c.f.u.service.ExternalTeamApiService [operation=, endpoint=, matchId=, teamName=, score=] - ⚠️ Помилка отримання поточного туру для SA: 429 Too Many Requests from GET https://api.football-data.org/v4/competitions/SA/standings
2025-11-12 00:21:57.446 [http-nio-8080-exec-5] WARN   c.f.u.service.ExternalTeamApiService [operation=, endpoint=, matchId=, teamName=, score=] - ⚠️ SerieA: не вдалося визначити поточний тур
2025-11-12 00:21:59.416 [http-nio-8080-exec-1] WARN   c.f.u.service.ExternalTeamApiService [operation=, endpoint=, matchId=, teamName=, score=] - ⚠️ Помилка отримання поточного туру для FL1: 429 Too Many Requests from GET https://api.football-data.org/v4/competitions/FL1/standings
2025-11-12 00:21:59.416 [http-nio-8080-exec-1] WARN   c.f.u.service.ExternalTeamApiService [operation=, endpoint=, matchId=, teamName=, score=] - ⚠️ Ligue1: не вдалося визначити поточний тур
2025-11-12 00:21:59.424 [http-nio-8080-exec-1] INFO   c.f.ua.service.FileCacheService [operation=, endpoint=, matchId=, teamName=, score=] - 💾 Збережено в кеш matches/upcoming_matches_by_matchday: 11029 байт, тривалість: 30 хв, timestamp: 2025-11-12T00:21:59.418325600
2025-11-12 00:21:59.425 [http-nio-8080-exec-1] INFO   c.f.u.service.ExternalTeamApiService [operation=, endpoint=, matchId=, teamName=, score=] - 🎯 Завантажено 18 upcoming матчів. Збережено в файловий кеш на 30 хв
2025-11-12 00:21:59.425 [http-nio-8080-exec-1] INFO   c.f.ua.controller.TeamController [operation=, endpoint=, matchId=, teamName=, score=] - Повернуто 18 майбутніх матчів
2025-11-12 00:21:59.432 [http-nio-8080-exec-2] INFO   c.f.ua.controller.TeamController [operation=, endpoint=, matchId=, teamName=, score=] - Отримано запит на майбутні матчі
2025-11-12 00:21:59.435 [http-nio-8080-exec-2] INFO   c.f.ua.service.FileCacheService [operation=, endpoint=, matchId=, teamName=, score=] - 🔍 Перевірка кешу matches/upcoming_matches_by_matchday: вік 0 хв <= ліміт 30 хв = true ✅
2025-11-12 00:21:59.438 [http-nio-8080-exec-2] INFO   c.f.ua.service.FileCacheService [operation=, endpoint=, matchId=, teamName=, score=] - ✅ Завантажено з кешу: matches/upcoming_matches_by_matchday (вік: 0 хв, тип: List)
2025-11-12 00:21:59.439 [http-nio-8080-exec-2] INFO   c.f.ua.controller.TeamController [operation=, endpoint=, matchId=, teamName=, score=] - Повернуто 18 майбутніх матчів
2025-11-12 00:21:59.445 [http-nio-8080-exec-8] INFO   c.f.ua.controller.TeamController [operation=, endpoint=, matchId=, teamName=, score=] - Отримано запит на майбутні матчі
2025-11-12 00:21:59.448 [http-nio-8080-exec-8] INFO   c.f.ua.service.FileCacheService [operation=, endpoint=, matchId=, teamName=, score=] - 🔍 Перевірка кешу matches/upcoming_matches_by_matchday: вік 0 хв <= ліміт 30 хв = true ✅
2025-11-12 00:21:59.450 [http-nio-8080-exec-8] INFO   c.f.ua.service.FileCacheService [operation=, endpoint=, matchId=, teamName=, score=] - ✅ Завантажено з кешу: matches/upcoming_matches_by_matchday (вік: 0 хв, тип: List)
2025-11-12 00:21:59.452 [http-nio-8080-exec-8] INFO   c.f.ua.controller.TeamController [operation=, endpoint=, matchId=, teamName=, score=] - Повернуто 18 майбутніх матчів
2025-11-12 00:21:59.511 [http-nio-8080-exec-5] WARN   c.f.u.service.ExternalTeamApiService [operation=, endpoint=, matchId=, teamName=, score=] - ⚠️ Помилка отримання поточного туру для FL1: 429 Too Many Requests from GET https://api.football-data.org/v4/competitions/FL1/standings
2025-11-12 00:21:59.512 [http-nio-8080-exec-5] WARN   c.f.u.service.ExternalTeamApiService [operation=, endpoint=, matchId=, teamName=, score=] - ⚠️ Ligue1: не вдалося визначити поточний тур
2025-11-12 00:21:59.515 [http-nio-8080-exec-5] INFO   c.f.ua.service.FileCacheService [operation=, endpoint=, matchId=, teamName=, score=] - 💾 Збережено в кеш matches/previous_matches_by_matchday: 17054 байт, тривалість: 30 хв, timestamp: 2025-11-12T00:21:59.513000600
2025-11-12 00:21:59.516 [http-nio-8080-exec-5] INFO   c.f.u.service.ExternalTeamApiService [operation=, endpoint=, matchId=, teamName=, score=] - 🎯 Завантажено 28 previous матчів. Збережено в файловий кеш на 30 хв
2025-11-12 00:21:59.516 [http-nio-8080-exec-5] INFO   c.f.ua.controller.TeamController [operation=, endpoint=, matchId=, teamName=, score=] - Повернуто 28 минулих матчів
2025-11-12 00:21:59.530 [http-nio-8080-exec-6] INFO   c.f.ua.controller.TeamController [operation=, endpoint=, matchId=, teamName=, score=] - Отримано запит на минулі матчі
2025-11-12 00:21:59.534 [http-nio-8080-exec-6] INFO   c.f.ua.service.FileCacheService [operation=, endpoint=, matchId=, teamName=, score=] - 🔍 Перевірка кешу matches/previous_matches_by_matchday: вік 0 хв <= ліміт 30 хв = true ✅
2025-11-12 00:21:59.537 [http-nio-8080-exec-6] INFO   c.f.ua.service.FileCacheService [operation=, endpoint=, matchId=, teamName=, score=] - ✅ Завантажено з кешу: matches/previous_matches_by_matchday (вік: 0 хв, тип: List)
2025-11-12 00:21:59.538 [http-nio-8080-exec-6] INFO   c.f.ua.controller.TeamController [operation=, endpoint=, matchId=, teamName=, score=] - Повернуто 28 минулих матчів
2025-11-12 00:21:59.543 [http-nio-8080-exec-7] INFO   c.f.ua.controller.TeamController [operation=, endpoint=, matchId=, teamName=, score=] - Отримано запит на минулі матчі
2025-11-12 00:21:59.546 [http-nio-8080-exec-7] INFO   c.f.ua.service.FileCacheService [operation=, endpoint=, matchId=, teamName=, score=] - 🔍 Перевірка кешу matches/previous_matches_by_matchday: вік 0 хв <= ліміт 30 хв = true ✅
2025-11-12 00:21:59.549 [http-nio-8080-exec-7] INFO   c.f.ua.service.FileCacheService [operation=, endpoint=, matchId=, teamName=, score=] - ✅ Завантажено з кешу: matches/previous_matches_by_matchday (вік: 0 хв, тип: List)
2025-11-12 00:21:59.550 [http-nio-8080-exec-7] INFO   c.f.ua.controller.TeamController [operation=, endpoint=, matchId=, teamName=, score=] - Повернуто 28 минулих матчів
2025-11-12 00:21:59.555 [http-nio-8080-exec-3] INFO   c.f.ua.controller.TeamController [operation=, endpoint=, matchId=, teamName=, score=] - Отримано запит на минулі матчі
2025-11-12 00:21:59.558 [http-nio-8080-exec-3] INFO   c.f.ua.service.FileCacheService [operation=, endpoint=, matchId=, teamName=, score=] - 🔍 Перевірка кешу matches/previous_matches_by_matchday: вік 0 хв <= ліміт 30 хв = true ✅
2025-11-12 00:21:59.561 [http-nio-8080-exec-3] INFO   c.f.ua.service.FileCacheService [operation=, endpoint=, matchId=, teamName=, score=] - ✅ Завантажено з кешу: matches/previous_matches_by_matchday (вік: 0 хв, тип: List)
2025-11-12 00:21:59.562 [http-nio-8080-exec-3] INFO   c.f.ua.controller.TeamController [operation=, endpoint=, matchId=, teamName=, score=] - Повернуто 28 минулих матчів
2025-11-12 00:21:59.568 [http-nio-8080-exec-4] INFO   c.f.ua.controller.TeamController [operation=, endpoint=, matchId=, teamName=, score=] - Отримано запит на минулі матчі
2025-11-12 00:21:59.571 [http-nio-8080-exec-4] INFO   c.f.ua.service.FileCacheService [operation=, endpoint=, matchId=, teamName=, score=] - 🔍 Перевірка кешу matches/previous_matches_by_matchday: вік 0 хв <= ліміт 30 хв = true ✅
2025-11-12 00:21:59.573 [http-nio-8080-exec-4] INFO   c.f.ua.service.FileCacheService [operation=, endpoint=, matchId=, teamName=, score=] - ✅ Завантажено з кешу: matches/previous_matches_by_matchday (вік: 0 хв, тип: List)
2025-11-12 00:21:59.574 [http-nio-8080-exec-4] INFO   c.f.ua.controller.TeamController [operation=, endpoint=, matchId=, teamName=, score=] - Повернуто 28 минулих матчів
2025-11-12 00:22:22.834 [SpringApplicationShutdownHook] INFO   o.s.b.w.e.tomcat.GracefulShutdown [operation=, endpoint=, matchId=, teamName=, score=] - Commencing graceful shutdown. Waiting for active requests to complete
2025-11-12 00:22:22.839 [tomcat-shutdown] INFO   o.s.b.w.e.tomcat.GracefulShutdown [operation=, endpoint=, matchId=, teamName=, score=] - Graceful shutdown complete
2025-11-12 00:22:24.945 [SpringApplicationShutdownHook] INFO   o.s.o.j.LocalContainerEntityManagerFactoryBean [operation=, endpoint=, matchId=, teamName=, score=] - Closing JPA EntityManagerFactory for persistence unit 'default'
2025-11-12 00:22:24.949 [SpringApplicationShutdownHook] INFO   com.zaxxer.hikari.HikariDataSource [operation=, endpoint=, matchId=, teamName=, score=] - HikariPool-1 - Shutdown initiated...
2025-11-12 00:22:24.952 [SpringApplicationShutdownHook] INFO   com.zaxxer.hikari.HikariDataSource [operation=, endpoint=, matchId=, teamName=, score=] - HikariPool-1 - Shutdown completed.
2025-11-12 19:09:22.407 [background-preinit] INFO   o.h.validator.internal.util.Version [operation=, endpoint=, matchId=, teamName=, score=] - HV000001: Hibernate Validator 8.0.3.Final
2025-11-12 19:09:22.509 [main] INFO   com.football.ua.FootballApp [operation=, endpoint=, matchId=, teamName=, score=] - Starting FootballApp using Java 24.0.2 with PID 25348 (D:\Могилянка\Spring Boot\Lab10\SB9 – копія – копія – копія – копія\SB8\SB2\target\classes started by Andre in D:\Могилянка\Spring Boot\Lab10\SB9 – копія – копія – копія – копія\SB8\SB2)
2025-11-12 19:09:22.514 [main] INFO   com.football.ua.FootballApp [operation=, endpoint=, matchId=, teamName=, score=] - No active profile set, falling back to 1 default profile: "default"
2025-11-12 19:09:25.934 [main] INFO   o.s.d.r.c.RepositoryConfigurationDelegate [operation=, endpoint=, matchId=, teamName=, score=] - Bootstrapping Spring Data JPA repositories in DEFAULT mode.
2025-11-12 19:09:26.277 [main] INFO   o.s.d.r.c.RepositoryConfigurationDelegate [operation=, endpoint=, matchId=, teamName=, score=] - Finished Spring Data repository scanning in 327 ms. Found 7 JPA repository interfaces.
2025-11-12 19:09:27.301 [main] INFO   o.s.b.w.e.tomcat.TomcatWebServer [operation=, endpoint=, matchId=, teamName=, score=] - Tomcat initialized with port 8080 (http)
2025-11-12 19:09:27.323 [main] INFO   o.a.coyote.http11.Http11NioProtocol [operation=, endpoint=, matchId=, teamName=, score=] - Initializing ProtocolHandler ["http-nio-8080"]
2025-11-12 19:09:27.325 [main] INFO   o.a.catalina.core.StandardService [operation=, endpoint=, matchId=, teamName=, score=] - Starting service [Tomcat]
2025-11-12 19:09:27.326 [main] INFO   o.a.catalina.core.StandardEngine [operation=, endpoint=, matchId=, teamName=, score=] - Starting Servlet engine: [Apache Tomcat/10.1.46]
2025-11-12 19:09:27.457 [main] INFO   o.a.c.c.C.[Tomcat].[localhost].[/] [operation=, endpoint=, matchId=, teamName=, score=] - Initializing Spring embedded WebApplicationContext
2025-11-12 19:09:27.457 [main] INFO   o.s.b.w.s.c.ServletWebServerApplicationContext [operation=, endpoint=, matchId=, teamName=, score=] - Root WebApplicationContext: initialization completed in 4761 ms
2025-11-12 19:09:27.706 [main] INFO   o.h.jpa.internal.util.LogHelper [operation=, endpoint=, matchId=, teamName=, score=] - HHH000204: Processing PersistenceUnitInfo [name: default]
2025-11-12 19:09:27.792 [main] INFO   org.hibernate.Version [operation=, endpoint=, matchId=, teamName=, score=] - HHH000412: Hibernate ORM core version 6.6.29.Final
2025-11-12 19:09:27.850 [main] INFO   o.h.c.i.RegionFactoryInitiator [operation=, endpoint=, matchId=, teamName=, score=] - HHH000026: Second-level cache disabled
2025-11-12 19:09:28.320 [main] INFO   o.s.o.j.p.SpringPersistenceUnitInfo [operation=, endpoint=, matchId=, teamName=, score=] - No LoadTimeWeaver setup: ignoring JPA class transformer
2025-11-12 19:09:28.374 [main] INFO   com.zaxxer.hikari.HikariDataSource [operation=, endpoint=, matchId=, teamName=, score=] - HikariPool-1 - Starting...
2025-11-12 19:09:28.808 [main] INFO   com.zaxxer.hikari.pool.HikariPool [operation=, endpoint=, matchId=, teamName=, score=] - HikariPool-1 - Added connection conn0: url=jdbc:h2:file:./footballdb/football user=SA
2025-11-12 19:09:28.810 [main] INFO   com.zaxxer.hikari.HikariDataSource [operation=, endpoint=, matchId=, teamName=, score=] - HikariPool-1 - Start completed.
2025-11-12 19:09:28.910 [main] INFO   o.hibernate.orm.connections.pooling [operation=, endpoint=, matchId=, teamName=, score=] - HHH10001005: Database info:
	Database JDBC URL [Connecting through datasource 'HikariDataSource (HikariPool-1)']
	Database driver: undefined/unknown
	Database version: 2.3.232
	Autocommit mode: undefined/unknown
	Isolation level: undefined/unknown
	Minimum pool size: undefined/unknown
	Maximum pool size: undefined/unknown
2025-11-12 19:09:30.756 [main] INFO   o.h.e.t.j.p.i.JtaPlatformInitiator [operation=, endpoint=, matchId=, teamName=, score=] - HHH000489: No JTA platform available (set 'hibernate.transaction.jta.platform' to enable JTA platform integration)
2025-11-12 19:09:30.811 [main] INFO   o.s.o.j.LocalContainerEntityManagerFactoryBean [operation=, endpoint=, matchId=, teamName=, score=] - Initialized JPA EntityManagerFactory for persistence unit 'default'
2025-11-12 19:09:31.147 [main] INFO   o.s.s.c.a.a.c.InitializeAuthenticationProviderBeanManagerConfigurer$InitializeAuthenticationProviderManagerConfigurer [operation=, endpoint=, matchId=, teamName=, score=] - Global AuthenticationManager configured with AuthenticationProvider bean with name authenticationProvider
2025-11-12 19:09:31.147 [main] WARN   o.s.s.c.a.a.c.InitializeUserDetailsBeanManagerConfigurer$InitializeUserDetailsManagerConfigurer [operation=, endpoint=, matchId=, teamName=, score=] - Global AuthenticationManager configured with an AuthenticationProvider bean. UserDetailsService beans will not be used by Spring Security for automatically configuring username/password login. Consider removing the AuthenticationProvider bean. Alternatively, consider using the UserDetailsService in a manually instantiated DaoAuthenticationProvider. If the current configuration is intentional, to turn off this warning, increase the logging level of 'org.springframework.security.config.annotation.authentication.configuration.InitializeUserDetailsBeanManagerConfigurer' to ERROR
2025-11-12 19:09:31.633 [main] INFO   c.f.ua.service.FileCacheService [operation=, endpoint=, matchId=, teamName=, score=] - 📁 Ініціалізовано структуру кешу
2025-11-12 19:09:31.873 [main] WARN   o.s.b.a.o.j.JpaBaseConfiguration$JpaWebConfiguration [operation=, endpoint=, matchId=, teamName=, score=] - spring.jpa.open-in-view is enabled by default. Therefore, database queries may be performed during view rendering. Explicitly configure spring.jpa.open-in-view to disable this warning
2025-11-12 19:09:31.902 [main] INFO   o.s.b.a.w.s.WelcomePageHandlerMapping [operation=, endpoint=, matchId=, teamName=, score=] - Adding welcome page: class path resource [static/index.html]
2025-11-12 19:09:32.347 [main] INFO   o.s.b.a.h.H2ConsoleAutoConfiguration [operation=, endpoint=, matchId=, teamName=, score=] - H2 console available at '/h2-console'. Database available at 'jdbc:h2:file:./footballdb/football'
2025-11-12 19:09:32.409 [main] INFO   o.a.coyote.http11.Http11NioProtocol [operation=, endpoint=, matchId=, teamName=, score=] - Starting ProtocolHandler ["http-nio-8080"]
2025-11-12 19:09:32.418 [main] INFO   o.s.b.w.e.tomcat.TomcatWebServer [operation=, endpoint=, matchId=, teamName=, score=] - Tomcat started on port 8080 (http) with context path '/'
2025-11-12 19:09:32.426 [main] INFO   com.football.ua.FootballApp [operation=, endpoint=, matchId=, teamName=, score=] - Started FootballApp in 12.547 seconds (process running for 14.501)
